{"numFailedTestSuites":14,"numFailedTests":75,"numPassedTestSuites":37,"numPassedTests":407,"numPendingTestSuites":0,"numPendingTests":6,"numRuntimeErrorTestSuites":0,"numTodoTests":0,"numTotalTestSuites":51,"numTotalTests":488,"openHandles":[{}],"snapshot":{"added":0,"didUpdate":false,"failure":false,"filesAdded":0,"filesRemoved":0,"filesRemovedList":[],"filesUnmatched":0,"filesUpdated":0,"matched":0,"total":0,"unchecked":0,"uncheckedKeysByFile":[],"unmatched":0,"updated":0},"startTime":1761890746608,"success":false,"testResults":[{"assertionResults":[{"ancestorTitles":["Hot Reload with Package Installation"],"duration":8385,"failureDetails":[],"failureMessages":[],"fullName":"Hot Reload with Package Installation should detect and install missing packages during hot reload","invocations":1,"location":null,"numPassingAsserts":1,"retryReasons":[],"status":"passed","title":"should detect and install missing packages during hot reload"},{"ancestorTitles":["Hot Reload with Package Installation"],"duration":8384,"failureDetails":[],"failureMessages":[],"fullName":"Hot Reload with Package Installation should handle multiple package dependencies","invocations":1,"location":null,"numPassingAsserts":1,"retryReasons":[],"status":"passed","title":"should handle multiple package dependencies"},{"ancestorTitles":["Hot Reload with Package Installation"],"duration":3360,"failureDetails":[],"failureMessages":[],"fullName":"Hot Reload with Package Installation should skip package installation when auto-install is disabled","invocations":1,"location":null,"numPassingAsserts":2,"retryReasons":[],"status":"passed","title":"should skip package installation when auto-install is disabled"}],"endTime":1761890767910,"message":"","name":"/Users/boqiangliang/project/7134-easy-mcp-server/test/hot-reload-package-install.test.js","startTime":1761890746720,"status":"passed","summary":""},{"assertionResults":[{"ancestorTitles":["Auto npm Install"],"duration":5375,"failureDetails":[],"failureMessages":[],"fullName":"Auto npm Install should run npm install when package.json exists","invocations":1,"location":null,"numPassingAsserts":1,"retryReasons":[],"status":"passed","title":"should run npm install when package.json exists"},{"ancestorTitles":["Auto npm Install"],"duration":3309,"failureDetails":[],"failureMessages":[],"fullName":"Auto npm Install should skip npm install when package.json does not exist","invocations":1,"location":null,"numPassingAsserts":1,"retryReasons":[],"status":"passed","title":"should skip npm install when package.json does not exist"},{"ancestorTitles":["Auto npm Install"],"duration":8315,"failureDetails":[],"failureMessages":[],"fullName":"Auto npm Install should continue server startup even if npm install fails","invocations":1,"location":null,"numPassingAsserts":1,"retryReasons":[],"status":"passed","title":"should continue server startup even if npm install fails"}],"endTime":1761890785980,"message":"","name":"/Users/boqiangliang/project/7134-easy-mcp-server/test/auto-install.test.js","startTime":1761890767928,"status":"passed","summary":""},{"assertionResults":[{"ancestorTitles":["Port Configuration"],"duration":3311,"failureDetails":[],"failureMessages":[],"fullName":"Port Configuration should use default ports when no configuration provided","invocations":1,"location":null,"numPassingAsserts":1,"retryReasons":[],"status":"passed","title":"should use default ports when no configuration provided"},{"ancestorTitles":["Port Configuration"],"duration":3317,"failureDetails":[],"failureMessages":[],"fullName":"Port Configuration should use CLI port arguments","invocations":1,"location":null,"numPassingAsserts":1,"retryReasons":[],"status":"passed","title":"should use CLI port arguments"},{"ancestorTitles":["Port Configuration"],"duration":3320,"failureDetails":[],"failureMessages":[],"fullName":"Port Configuration should use EASY_MCP_SERVER_PORT environment variables for port configuration","invocations":1,"location":null,"numPassingAsserts":2,"retryReasons":[],"status":"passed","title":"should use EASY_MCP_SERVER_PORT environment variables for port configuration"},{"ancestorTitles":["Port Configuration"],"duration":3313,"failureDetails":[],"failureMessages":[],"fullName":"Port Configuration should use fallback environment variables for port configuration","invocations":1,"location":null,"numPassingAsserts":2,"retryReasons":[],"status":"passed","title":"should use fallback environment variables for port configuration"},{"ancestorTitles":["Port Configuration"],"duration":3029,"failureDetails":[],"failureMessages":[],"fullName":"Port Configuration should prioritize CLI arguments over environment variables","invocations":1,"location":null,"numPassingAsserts":1,"retryReasons":[],"status":"passed","title":"should prioritize CLI arguments over environment variables"}],"endTime":1761890803316,"message":"","name":"/Users/boqiangliang/project/7134-easy-mcp-server/test/port-configuration.test.js","startTime":1761890785990,"status":"passed","summary":""},{"assertionResults":[{"ancestorTitles":["Environment File Loading"],"duration":3311,"failureDetails":[],"failureMessages":[],"fullName":"Environment File Loading should load .env file from user directory","invocations":1,"location":null,"numPassingAsserts":1,"retryReasons":[],"status":"passed","title":"should load .env file from user directory"},{"ancestorTitles":["Environment File Loading"],"duration":3034,"failureDetails":[],"failureMessages":[],"fullName":"Environment File Loading should load multiple .env files in correct order","invocations":1,"location":null,"numPassingAsserts":3,"retryReasons":[],"status":"passed","title":"should load multiple .env files in correct order"},{"ancestorTitles":["Environment File Loading"],"duration":3311,"failureDetails":[],"failureMessages":[],"fullName":"Environment File Loading should handle missing .env files gracefully","invocations":1,"location":null,"numPassingAsserts":1,"retryReasons":[],"status":"passed","title":"should handle missing .env files gracefully"}],"endTime":1761890814013,"message":"","name":"/Users/boqiangliang/project/7134-easy-mcp-server/test/env-loading.test.js","startTime":1761890803324,"status":"passed","summary":""},{"assertionResults":[{"ancestorTitles":["Error Handling Improvements","Port Conflict Handling"],"duration":4011,"failureDetails":[],"failureMessages":[],"fullName":"Error Handling Improvements Port Conflict Handling should fail gracefully when port is already in use","invocations":1,"location":null,"numPassingAsserts":2,"retryReasons":[],"status":"passed","title":"should fail gracefully when port is already in use"},{"ancestorTitles":["Error Handling Improvements","API Loading Error Handling"],"duration":34,"failureDetails":[],"failureMessages":[],"fullName":"Error Handling Improvements API Loading Error Handling should continue server startup with API loading errors","invocations":1,"location":null,"numPassingAsserts":7,"retryReasons":[],"status":"passed","title":"should continue server startup with API loading errors"},{"ancestorTitles":["Error Handling Improvements","API Loading Error Handling"],"duration":10,"failureDetails":[],"failureMessages":[],"fullName":"Error Handling Improvements API Loading Error Handling should categorize different types of errors","invocations":1,"location":null,"numPassingAsserts":3,"retryReasons":[],"status":"passed","title":"should categorize different types of errors"},{"ancestorTitles":["Error Handling Improvements","API Loading Error Handling"],"duration":5,"failureDetails":[],"failureMessages":[],"fullName":"Error Handling Improvements API Loading Error Handling should provide helpful error messages","invocations":1,"location":null,"numPassingAsserts":3,"retryReasons":[],"status":"passed","title":"should provide helpful error messages"},{"ancestorTitles":["Error Handling Improvements","Server Error Recovery"],"duration":3007,"failureDetails":[],"failureMessages":[],"fullName":"Error Handling Improvements Server Error Recovery should start server even with API loading errors","invocations":1,"location":null,"numPassingAsserts":1,"retryReasons":[],"status":"passed","title":"should start server even with API loading errors"}],"endTime":1761890822284,"message":"","name":"/Users/boqiangliang/project/7134-easy-mcp-server/test/error-handling.test.js","startTime":1761890814024,"status":"passed","summary":""},{"assertionResults":[{"ancestorTitles":["MCP Server Hot Reload CRUD Operations","Prompts CRUD Operations"],"duration":1017,"failureDetails":[],"failureMessages":[],"fullName":"MCP Server Hot Reload CRUD Operations Prompts CRUD Operations should CREATE new prompt file and load it via hot reload","invocations":1,"location":null,"numPassingAsserts":7,"retryReasons":[],"status":"passed","title":"should CREATE new prompt file and load it via hot reload"},{"ancestorTitles":["MCP Server Hot Reload CRUD Operations","Prompts CRUD Operations"],"duration":413,"failureDetails":[],"failureMessages":[],"fullName":"MCP Server Hot Reload CRUD Operations Prompts CRUD Operations should UPDATE existing prompt file and reload it via hot reload","invocations":1,"location":null,"numPassingAsserts":10,"retryReasons":[],"status":"passed","title":"should UPDATE existing prompt file and reload it via hot reload"},{"ancestorTitles":["MCP Server Hot Reload CRUD Operations","Prompts CRUD Operations"],"duration":407,"failureDetails":[],"failureMessages":[],"fullName":"MCP Server Hot Reload CRUD Operations Prompts CRUD Operations should DELETE prompt file and remove it via hot reload","invocations":1,"location":null,"numPassingAsserts":2,"retryReasons":[],"status":"passed","title":"should DELETE prompt file and remove it via hot reload"},{"ancestorTitles":["MCP Server Hot Reload CRUD Operations","Prompts CRUD Operations"],"duration":506,"failureDetails":[],"failureMessages":[],"fullName":"MCP Server Hot Reload CRUD Operations Prompts CRUD Operations should handle nested directory structure for prompts","invocations":1,"location":null,"numPassingAsserts":3,"retryReasons":[],"status":"passed","title":"should handle nested directory structure for prompts"},{"ancestorTitles":["MCP Server Hot Reload CRUD Operations","Resources CRUD Operations"],"duration":1019,"failureDetails":[],"failureMessages":[],"fullName":"MCP Server Hot Reload CRUD Operations Resources CRUD Operations should CREATE new resource file and load it via hot reload","invocations":1,"location":null,"numPassingAsserts":5,"retryReasons":[],"status":"passed","title":"should CREATE new resource file and load it via hot reload"},{"ancestorTitles":["MCP Server Hot Reload CRUD Operations","Resources CRUD Operations"],"duration":408,"failureDetails":[],"failureMessages":[],"fullName":"MCP Server Hot Reload CRUD Operations Resources CRUD Operations should UPDATE existing resource file and reload it via hot reload","invocations":1,"location":null,"numPassingAsserts":6,"retryReasons":[],"status":"passed","title":"should UPDATE existing resource file and reload it via hot reload"},{"ancestorTitles":["MCP Server Hot Reload CRUD Operations","Resources CRUD Operations"],"duration":412,"failureDetails":[],"failureMessages":[],"fullName":"MCP Server Hot Reload CRUD Operations Resources CRUD Operations should DELETE resource file and remove it via hot reload","invocations":1,"location":null,"numPassingAsserts":2,"retryReasons":[],"status":"passed","title":"should DELETE resource file and remove it via hot reload"},{"ancestorTitles":["MCP Server Hot Reload CRUD Operations","Resources CRUD Operations"],"duration":208,"failureDetails":[],"failureMessages":[],"fullName":"MCP Server Hot Reload CRUD Operations Resources CRUD Operations should handle nested directory structure for resources","invocations":1,"location":null,"numPassingAsserts":3,"retryReasons":[],"status":"passed","title":"should handle nested directory structure for resources"},{"ancestorTitles":["MCP Server Hot Reload CRUD Operations","Resources CRUD Operations"],"duration":206,"failureDetails":[],"failureMessages":[],"fullName":"MCP Server Hot Reload CRUD Operations Resources CRUD Operations should handle JSON resource files","invocations":1,"location":null,"numPassingAsserts":4,"retryReasons":[],"status":"passed","title":"should handle JSON resource files"},{"ancestorTitles":["MCP Server Hot Reload CRUD Operations","Mixed CRUD Operations"],"duration":561,"failureDetails":[],"failureMessages":[],"fullName":"MCP Server Hot Reload CRUD Operations Mixed CRUD Operations should handle multiple simultaneous changes","invocations":1,"location":null,"numPassingAsserts":8,"retryReasons":[],"status":"passed","title":"should handle multiple simultaneous changes"},{"ancestorTitles":["MCP Server Hot Reload CRUD Operations","Error Handling"],"duration":204,"failureDetails":[],"failureMessages":[],"fullName":"MCP Server Hot Reload CRUD Operations Error Handling should handle invalid file formats gracefully","invocations":1,"location":null,"numPassingAsserts":3,"retryReasons":[],"status":"passed","title":"should handle invalid file formats gracefully"},{"ancestorTitles":["MCP Server Hot Reload CRUD Operations","Error Handling"],"duration":207,"failureDetails":[],"failureMessages":[],"fullName":"MCP Server Hot Reload CRUD Operations Error Handling should handle malformed JSON gracefully","invocations":1,"location":null,"numPassingAsserts":3,"retryReasons":[],"status":"passed","title":"should handle malformed JSON gracefully"}],"endTime":1761890829935,"message":"","name":"/Users/boqiangliang/project/7134-easy-mcp-server/test/mcp-hot-reload-crud.test.js","startTime":1761890822293,"status":"passed","summary":""},{"assertionResults":[{"ancestorTitles":["Environment Hot Reload"],"duration":3151,"failureDetails":[],"failureMessages":[],"fullName":"Environment Hot Reload should detect .env file changes and reload environment variables","invocations":1,"location":null,"numPassingAsserts":0,"retryReasons":[],"status":"passed","title":"should detect .env file changes and reload environment variables"},{"ancestorTitles":["Environment Hot Reload"],"duration":null,"failureDetails":[],"failureMessages":[],"fullName":"Environment Hot Reload should handle multiple .env files in priority order","invocations":1,"location":null,"numPassingAsserts":0,"retryReasons":[],"status":"pending","title":"should handle multiple .env files in priority order"},{"ancestorTitles":["Environment Hot Reload"],"duration":null,"failureDetails":[],"failureMessages":[],"fullName":"Environment Hot Reload should handle missing .env files gracefully","invocations":1,"location":null,"numPassingAsserts":0,"retryReasons":[],"status":"pending","title":"should handle missing .env files gracefully"}],"endTime":1761890835130,"message":"","name":"/Users/boqiangliang/project/7134-easy-mcp-server/test/env-hot-reload.test.js","startTime":1761890829944,"status":"focused","summary":""},{"assertionResults":[{"ancestorTitles":["HotReloader","Constructor and Initialization"],"duration":206,"failureDetails":[],"failureMessages":[],"fullName":"HotReloader Constructor and Initialization should initialize with dependencies","invocations":1,"location":null,"numPassingAsserts":4,"retryReasons":[],"status":"passed","title":"should initialize with dependencies"},{"ancestorTitles":["HotReloader","Constructor and Initialization"],"duration":208,"failureDetails":[],"failureMessages":[],"fullName":"HotReloader Constructor and Initialization should handle different dependency instances","invocations":1,"location":null,"numPassingAsserts":2,"retryReasons":[],"status":"passed","title":"should handle different dependency instances"},{"ancestorTitles":["HotReloader","startWatching"],"duration":206,"failureDetails":[],"failureMessages":[],"fullName":"HotReloader startWatching should start file watching successfully","invocations":1,"location":null,"numPassingAsserts":3,"retryReasons":[],"status":"passed","title":"should start file watching successfully"},{"ancestorTitles":["HotReloader","startWatching"],"duration":215,"failureDetails":[],"failureMessages":[],"fullName":"HotReloader startWatching should set up file change event handlers","invocations":1,"location":null,"numPassingAsserts":3,"retryReasons":[],"status":"passed","title":"should set up file change event handlers"},{"ancestorTitles":["HotReloader","startWatching"],"duration":211,"failureDetails":[],"failureMessages":[],"fullName":"HotReloader startWatching should handle chokidar initialization errors gracefully","invocations":1,"location":null,"numPassingAsserts":1,"retryReasons":[],"status":"passed","title":"should handle chokidar initialization errors gracefully"},{"ancestorTitles":["HotReloader","stopWatching"],"duration":263,"failureDetails":[],"failureMessages":[],"fullName":"HotReloader stopWatching should stop watching and clean up resources","invocations":1,"location":null,"numPassingAsserts":4,"retryReasons":[],"status":"passed","title":"should stop watching and clean up resources"},{"ancestorTitles":["HotReloader","stopWatching"],"duration":206,"failureDetails":[],"failureMessages":[],"fullName":"HotReloader stopWatching should handle stopping when not watching","invocations":1,"location":null,"numPassingAsserts":2,"retryReasons":[],"status":"passed","title":"should handle stopping when not watching"},{"ancestorTitles":["HotReloader","File Change Handling"],"duration":213,"failureDetails":[],"failureMessages":[],"fullName":"HotReloader File Change Handling should queue file changes for processing","invocations":1,"location":null,"numPassingAsserts":2,"retryReasons":[],"status":"passed","title":"should queue file changes for processing"},{"ancestorTitles":["HotReloader","File Change Handling"],"duration":517,"failureDetails":[],"failureMessages":[],"fullName":"HotReloader File Change Handling should debounce multiple file changes","invocations":1,"location":null,"numPassingAsserts":2,"retryReasons":[],"status":"passed","title":"should debounce multiple file changes"},{"ancestorTitles":["HotReloader","processReloadQueue"],"duration":316,"failureDetails":[],"failureMessages":[],"fullName":"HotReloader processReloadQueue should process reload queue successfully","invocations":1,"location":null,"numPassingAsserts":4,"retryReasons":[],"status":"passed","title":"should process reload queue successfully"},{"ancestorTitles":["HotReloader","processReloadQueue"],"duration":311,"failureDetails":[],"failureMessages":[],"fullName":"HotReloader processReloadQueue should handle reload errors gracefully","invocations":1,"location":null,"numPassingAsserts":1,"retryReasons":[],"status":"passed","title":"should handle reload errors gracefully"},{"ancestorTitles":["HotReloader","processReloadQueue"],"duration":308,"failureDetails":[],"failureMessages":[],"fullName":"HotReloader processReloadQueue should handle MCP server errors gracefully","invocations":1,"location":null,"numPassingAsserts":1,"retryReasons":[],"status":"passed","title":"should handle MCP server errors gracefully"},{"ancestorTitles":["HotReloader","Configuration"],"duration":208,"failureDetails":[],"failureMessages":[],"fullName":"HotReloader Configuration should set debounce delay","invocations":1,"location":null,"numPassingAsserts":1,"retryReasons":[],"status":"passed","title":"should set debounce delay"},{"ancestorTitles":["HotReloader","Configuration"],"duration":208,"failureDetails":[],"failureMessages":[],"fullName":"HotReloader Configuration should enforce minimum debounce delay","invocations":1,"location":null,"numPassingAsserts":1,"retryReasons":[],"status":"passed","title":"should enforce minimum debounce delay"},{"ancestorTitles":["HotReloader","Status and Information"],"duration":211,"failureDetails":[],"failureMessages":[],"fullName":"HotReloader Status and Information should return correct watching status","invocations":1,"location":null,"numPassingAsserts":2,"retryReasons":[],"status":"passed","title":"should return correct watching status"},{"ancestorTitles":["HotReloader","Status and Information"],"duration":207,"failureDetails":[],"failureMessages":[],"fullName":"HotReloader Status and Information should return current queue","invocations":1,"location":null,"numPassingAsserts":3,"retryReasons":[],"status":"passed","title":"should return current queue"}],"endTime":1761890840192,"message":"","name":"/Users/boqiangliang/project/7134-easy-mcp-server/test/hot-reloader.test.js","startTime":1761890835139,"status":"passed","summary":""},{"assertionResults":[{"ancestorTitles":["CLI Static File Serving"],"duration":3113,"failureDetails":[],"failureMessages":[],"fullName":"CLI Static File Serving should configure static dir to user's public directory (via logs)","invocations":1,"location":null,"numPassingAsserts":3,"retryReasons":[],"status":"passed","title":"should configure static dir to user's public directory (via logs)"}],"endTime":1761890844343,"message":"","name":"/Users/boqiangliang/project/7134-easy-mcp-server/test/static-file-serving-cli.test.js","startTime":1761890840202,"status":"passed","summary":""},{"assertionResults":[{"ancestorTitles":["MCP SSE Notifications"],"duration":823,"failureDetails":[],"failureMessages":[],"fullName":"MCP SSE Notifications receives promptsChanged on prompt file write","invocations":1,"location":null,"numPassingAsserts":3,"retryReasons":[],"status":"passed","title":"receives promptsChanged on prompt file write"},{"ancestorTitles":["MCP SSE Notifications"],"duration":817,"failureDetails":[],"failureMessages":[],"fullName":"MCP SSE Notifications receives resourcesChanged on resource file write","invocations":1,"location":null,"numPassingAsserts":3,"retryReasons":[],"status":"passed","title":"receives resourcesChanged on resource file write"},{"ancestorTitles":["MCP SSE Notifications"],"duration":311,"failureDetails":[],"failureMessages":[],"fullName":"MCP SSE Notifications receives toolsChanged on setRoutes","invocations":1,"location":null,"numPassingAsserts":2,"retryReasons":[],"status":"passed","title":"receives toolsChanged on setRoutes"}],"endTime":1761890847861,"message":"","name":"/Users/boqiangliang/project/7134-easy-mcp-server/test/mcp-sse-notifications.test.js","startTime":1761890844352,"status":"passed","summary":""},{"assertionResults":[{"ancestorTitles":["BaseAPI Class","Core Functionality"],"duration":60,"failureDetails":[],"failureMessages":[],"fullName":"BaseAPI Class Core Functionality should be instantiable","invocations":1,"location":null,"numPassingAsserts":3,"retryReasons":[],"status":"passed","title":"should be instantiable"},{"ancestorTitles":["BaseAPI Class","Core Functionality"],"duration":52,"failureDetails":[],"failureMessages":[],"fullName":"BaseAPI Class Core Functionality should have required methods","invocations":1,"location":null,"numPassingAsserts":2,"retryReasons":[],"status":"passed","title":"should have required methods"},{"ancestorTitles":["BaseAPI Class","Core Functionality"],"duration":54,"failureDetails":[],"failureMessages":[],"fullName":"BaseAPI Class Core Functionality should throw error when process is not implemented","invocations":1,"location":null,"numPassingAsserts":1,"retryReasons":[],"status":"passed","title":"should throw error when process is not implemented"},{"ancestorTitles":["BaseAPI Class","OpenAPI Generation"],"duration":53,"failureDetails":[],"failureMessages":[],"fullName":"BaseAPI Class OpenAPI Generation should generate basic OpenAPI spec","invocations":1,"location":null,"numPassingAsserts":4,"retryReasons":[],"status":"passed","title":"should generate basic OpenAPI spec"},{"ancestorTitles":["BaseAPI Class","OpenAPI Generation"],"duration":53,"failureDetails":[],"failureMessages":[],"fullName":"BaseAPI Class OpenAPI Generation should use default values when annotations are missing","invocations":1,"location":null,"numPassingAsserts":3,"retryReasons":[],"status":"passed","title":"should use default values when annotations are missing"},{"ancestorTitles":["BaseAPI Class","OpenAPI Generation"],"duration":53,"failureDetails":[],"failureMessages":[],"fullName":"BaseAPI Class OpenAPI Generation should include request body schema when available","invocations":1,"location":null,"numPassingAsserts":3,"retryReasons":[],"status":"passed","title":"should include request body schema when available"},{"ancestorTitles":["BaseAPI Class","OpenAPI Generation"],"duration":55,"failureDetails":[],"failureMessages":[],"fullName":"BaseAPI Class OpenAPI Generation should include response schemas when available","invocations":1,"location":null,"numPassingAsserts":3,"retryReasons":[],"status":"passed","title":"should include response schemas when available"},{"ancestorTitles":["BaseAPI Class","OpenAPI Generation"],"duration":53,"failureDetails":[],"failureMessages":[],"fullName":"BaseAPI Class OpenAPI Generation should handle complex @responseSchema annotations","invocations":1,"location":null,"numPassingAsserts":8,"retryReasons":[],"status":"passed","title":"should handle complex @responseSchema annotations"},{"ancestorTitles":["BaseAPI Class","OpenAPI Generation"],"duration":56,"failureDetails":[],"failureMessages":[],"fullName":"BaseAPI Class OpenAPI Generation should handle @errorResponses annotations correctly","invocations":1,"location":null,"numPassingAsserts":5,"retryReasons":[],"status":"passed","title":"should handle @errorResponses annotations correctly"},{"ancestorTitles":["BaseAPI Class","OpenAPI Generation"],"duration":57,"failureDetails":[],"failureMessages":[],"fullName":"BaseAPI Class OpenAPI Generation should prioritize @responseSchema over auto-generated schemas","invocations":1,"location":null,"numPassingAsserts":7,"retryReasons":[],"status":"passed","title":"should prioritize @responseSchema over auto-generated schemas"},{"ancestorTitles":["BaseAPI Class","MCP Integration"],"duration":55,"failureDetails":[],"failureMessages":[],"fullName":"BaseAPI Class MCP Integration should provide MCP description","invocations":1,"location":null,"numPassingAsserts":1,"retryReasons":[],"status":"passed","title":"should provide MCP description"},{"ancestorTitles":["BaseAPI Class","MCP Integration"],"duration":54,"failureDetails":[],"failureMessages":[],"fullName":"BaseAPI Class MCP Integration should fallback to OpenAPI description for MCP","invocations":1,"location":null,"numPassingAsserts":1,"retryReasons":[],"status":"passed","title":"should fallback to OpenAPI description for MCP"},{"ancestorTitles":["BaseAPI Class","Error Handling"],"duration":56,"failureDetails":[],"failureMessages":[],"fullName":"BaseAPI Class Error Handling should handle annotation parser errors gracefully","invocations":1,"location":null,"numPassingAsserts":3,"retryReasons":[],"status":"passed","title":"should handle annotation parser errors gracefully"},{"ancestorTitles":["BaseAPI Class","Error Handling"],"duration":56,"failureDetails":[],"failureMessages":[],"fullName":"BaseAPI Class Error Handling should handle missing annotation parser gracefully","invocations":1,"location":null,"numPassingAsserts":1,"retryReasons":[],"status":"passed","title":"should handle missing annotation parser gracefully"},{"ancestorTitles":["BaseAPI Class","Edge Cases"],"duration":55,"failureDetails":[],"failureMessages":[],"fullName":"BaseAPI Class Edge Cases should handle empty annotations","invocations":1,"location":null,"numPassingAsserts":2,"retryReasons":[],"status":"passed","title":"should handle empty annotations"},{"ancestorTitles":["BaseAPI Class","Edge Cases"],"duration":55,"failureDetails":[],"failureMessages":[],"fullName":"BaseAPI Class Edge Cases should handle null annotations","invocations":1,"location":null,"numPassingAsserts":2,"retryReasons":[],"status":"passed","title":"should handle null annotations"},{"ancestorTitles":["BaseAPI Class","Edge Cases"],"duration":55,"failureDetails":[],"failureMessages":[],"fullName":"BaseAPI Class Edge Cases should handle complex tag structures","invocations":1,"location":null,"numPassingAsserts":2,"retryReasons":[],"status":"passed","title":"should handle complex tag structures"}],"endTime":1761890849840,"message":"","name":"/Users/boqiangliang/project/7134-easy-mcp-server/test/base-api.test.js","startTime":1761890847871,"status":"passed","summary":""},{"assertionResults":[{"ancestorTitles":["APILoader","Constructor and Initialization"],"duration":52,"failureDetails":[],"failureMessages":[],"fullName":"APILoader Constructor and Initialization should initialize with correct properties","invocations":1,"location":null,"numPassingAsserts":4,"retryReasons":[],"status":"passed","title":"should initialize with correct properties"},{"ancestorTitles":["APILoader","Constructor and Initialization"],"duration":52,"failureDetails":[],"failureMessages":[],"fullName":"APILoader Constructor and Initialization should handle different app instances","invocations":1,"location":null,"numPassingAsserts":2,"retryReasons":[],"status":"passed","title":"should handle different app instances"},{"ancestorTitles":["APILoader","loadAPIs"],"duration":53,"failureDetails":[],"failureMessages":[],"fullName":"APILoader loadAPIs should return empty array when api directory does not exist","invocations":1,"location":null,"numPassingAsserts":3,"retryReasons":[],"status":"passed","title":"should return empty array when api directory does not exist"},{"ancestorTitles":["APILoader","loadAPIs"],"duration":54,"failureDetails":[],"failureMessages":[],"fullName":"APILoader loadAPIs should handle errors during loading gracefully","invocations":1,"location":null,"numPassingAsserts":4,"retryReasons":[],"status":"passed","title":"should handle errors during loading gracefully"},{"ancestorTitles":["APILoader","Utility Methods"],"duration":52,"failureDetails":[],"failureMessages":[],"fullName":"APILoader Utility Methods should get routes correctly","invocations":1,"location":null,"numPassingAsserts":3,"retryReasons":[],"status":"passed","title":"should get routes correctly"},{"ancestorTitles":["APILoader","Utility Methods"],"duration":53,"failureDetails":[],"failureMessages":[],"fullName":"APILoader Utility Methods should validate routes correctly","invocations":1,"location":null,"numPassingAsserts":1,"retryReasons":[],"status":"passed","title":"should validate routes correctly"},{"ancestorTitles":["APILoader","Utility Methods"],"duration":53,"failureDetails":[],"failureMessages":[],"fullName":"APILoader Utility Methods should validate routes with issues","invocations":1,"location":null,"numPassingAsserts":4,"retryReasons":[],"status":"passed","title":"should validate routes with issues"},{"ancestorTitles":["APILoader","Utility Methods"],"duration":55,"failureDetails":[],"failureMessages":[],"fullName":"APILoader Utility Methods should get errors correctly","invocations":1,"location":null,"numPassingAsserts":3,"retryReasons":[],"status":"passed","title":"should get errors correctly"},{"ancestorTitles":["APILoader","Utility Methods"],"duration":55,"failureDetails":[],"failureMessages":[],"fullName":"APILoader Utility Methods should clear cache for specific file","invocations":1,"location":null,"numPassingAsserts":1,"retryReasons":[],"status":"passed","title":"should clear cache for specific file"},{"ancestorTitles":["APILoader","Utility Methods"],"duration":58,"failureDetails":[],"failureMessages":[],"fullName":"APILoader Utility Methods should reload APIs correctly","invocations":1,"location":null,"numPassingAsserts":3,"retryReasons":[],"status":"passed","title":"should reload APIs correctly"},{"ancestorTitles":["APILoader","Error Handling"],"duration":76,"failureDetails":[],"failureMessages":[],"fullName":"APILoader Error Handling should handle cache clearing errors gracefully","invocations":1,"location":null,"numPassingAsserts":1,"retryReasons":[],"status":"passed","title":"should handle cache clearing errors gracefully"}],"endTime":1761890851599,"message":"","name":"/Users/boqiangliang/project/7134-easy-mcp-server/test/api-loader.test.js","startTime":1761890849846,"status":"passed","summary":""},{"assertionResults":[{"ancestorTitles":["Example Project Dynamic Routes","Product Dynamic Routes"],"duration":2,"failureDetails":[{"matcherResult":{"message":"expect(received).toBeDefined()\n\nReceived: undefined","pass":false}}],"failureMessages":["Error: expect(received).toBeDefined()\n\nReceived: undefined\n    at Object.<anonymous> (/Users/boqiangliang/project/7134-easy-mcp-server/test/example-project-dynamic-routes.test.js:39:30)\n    at Promise.then.completed (/Users/boqiangliang/project/7134-easy-mcp-server/node_modules/jest-circus/build/utils.js:298:28)\n    at new Promise (<anonymous>)\n    at callAsyncCircusFn (/Users/boqiangliang/project/7134-easy-mcp-server/node_modules/jest-circus/build/utils.js:231:10)\n    at _callCircusTest (/Users/boqiangliang/project/7134-easy-mcp-server/node_modules/jest-circus/build/run.js:316:40)\n    at async _runTest (/Users/boqiangliang/project/7134-easy-mcp-server/node_modules/jest-circus/build/run.js:252:3)\n    at async _runTestsForDescribeBlock (/Users/boqiangliang/project/7134-easy-mcp-server/node_modules/jest-circus/build/run.js:126:9)\n    at async _runTestsForDescribeBlock (/Users/boqiangliang/project/7134-easy-mcp-server/node_modules/jest-circus/build/run.js:121:9)\n    at async _runTestsForDescribeBlock (/Users/boqiangliang/project/7134-easy-mcp-server/node_modules/jest-circus/build/run.js:121:9)\n    at async run (/Users/boqiangliang/project/7134-easy-mcp-server/node_modules/jest-circus/build/run.js:71:3)\n    at async runAndTransformResultsToJestFormat (/Users/boqiangliang/project/7134-easy-mcp-server/node_modules/jest-circus/build/legacy-code-todo-rewrite/jestAdapterInit.js:122:21)\n    at async jestAdapter (/Users/boqiangliang/project/7134-easy-mcp-server/node_modules/jest-circus/build/legacy-code-todo-rewrite/jestAdapter.js:79:19)\n    at async runTestInternal (/Users/boqiangliang/project/7134-easy-mcp-server/node_modules/jest-runner/build/runTest.js:367:16)\n    at async runTest (/Users/boqiangliang/project/7134-easy-mcp-server/node_modules/jest-runner/build/runTest.js:444:34)"],"fullName":"Example Project Dynamic Routes Product Dynamic Routes should load product dynamic routes correctly","invocations":1,"location":null,"numPassingAsserts":0,"retryReasons":[],"status":"failed","title":"should load product dynamic routes correctly"},{"ancestorTitles":["Example Project Dynamic Routes","Product Dynamic Routes"],"duration":7,"failureDetails":[{"matcherResult":{"actual":404,"expected":200,"message":"expect(received).toBe(expected) // Object.is equality\n\nExpected: 200\nReceived: 404","name":"toBe","pass":false}}],"failureMessages":["Error: expect(received).toBe(expected) // Object.is equality\n\nExpected: 200\nReceived: 404\n    at Object.<anonymous> (/Users/boqiangliang/project/7134-easy-mcp-server/test/example-project-dynamic-routes.test.js:45:31)\n    at processTicksAndRejections (node:internal/process/task_queues:105:5)"],"fullName":"Example Project Dynamic Routes Product Dynamic Routes should get product by ID (product 1)","invocations":1,"location":null,"numPassingAsserts":0,"retryReasons":[],"status":"failed","title":"should get product by ID (product 1)"},{"ancestorTitles":["Example Project Dynamic Routes","Product Dynamic Routes"],"duration":4,"failureDetails":[{"matcherResult":{"actual":404,"expected":200,"message":"expect(received).toBe(expected) // Object.is equality\n\nExpected: 200\nReceived: 404","name":"toBe","pass":false}}],"failureMessages":["Error: expect(received).toBe(expected) // Object.is equality\n\nExpected: 200\nReceived: 404\n    at Object.<anonymous> (/Users/boqiangliang/project/7134-easy-mcp-server/test/example-project-dynamic-routes.test.js:54:31)\n    at processTicksAndRejections (node:internal/process/task_queues:105:5)"],"fullName":"Example Project Dynamic Routes Product Dynamic Routes should get product by ID (product 2)","invocations":1,"location":null,"numPassingAsserts":0,"retryReasons":[],"status":"failed","title":"should get product by ID (product 2)"},{"ancestorTitles":["Example Project Dynamic Routes","Product Dynamic Routes"],"duration":4,"failureDetails":[{"matcherResult":{"actual":404,"expected":200,"message":"expect(received).toBe(expected) // Object.is equality\n\nExpected: 200\nReceived: 404","name":"toBe","pass":false}}],"failureMessages":["Error: expect(received).toBe(expected) // Object.is equality\n\nExpected: 200\nReceived: 404\n    at Object.<anonymous> (/Users/boqiangliang/project/7134-easy-mcp-server/test/example-project-dynamic-routes.test.js:64:31)\n    at processTicksAndRejections (node:internal/process/task_queues:105:5)"],"fullName":"Example Project Dynamic Routes Product Dynamic Routes should return 404 for non-existent product","invocations":1,"location":null,"numPassingAsserts":0,"retryReasons":[],"status":"failed","title":"should return 404 for non-existent product"},{"ancestorTitles":["Example Project Dynamic Routes","Static and Dynamic Routes Coexistence"],"duration":1,"failureDetails":[{"matcherResult":{"message":"expect(received).toBeDefined()\n\nReceived: undefined","pass":false}}],"failureMessages":["Error: expect(received).toBeDefined()\n\nReceived: undefined\n    at Object.<anonymous> (/Users/boqiangliang/project/7134-easy-mcp-server/test/example-project-dynamic-routes.test.js:82:25)\n    at Promise.then.completed (/Users/boqiangliang/project/7134-easy-mcp-server/node_modules/jest-circus/build/utils.js:298:28)\n    at new Promise (<anonymous>)\n    at callAsyncCircusFn (/Users/boqiangliang/project/7134-easy-mcp-server/node_modules/jest-circus/build/utils.js:231:10)\n    at _callCircusTest (/Users/boqiangliang/project/7134-easy-mcp-server/node_modules/jest-circus/build/run.js:316:40)\n    at processTicksAndRejections (node:internal/process/task_queues:105:5)\n    at async _runTest (/Users/boqiangliang/project/7134-easy-mcp-server/node_modules/jest-circus/build/run.js:252:3)\n    at async _runTestsForDescribeBlock (/Users/boqiangliang/project/7134-easy-mcp-server/node_modules/jest-circus/build/run.js:126:9)\n    at async _runTestsForDescribeBlock (/Users/boqiangliang/project/7134-easy-mcp-server/node_modules/jest-circus/build/run.js:121:9)\n    at async _runTestsForDescribeBlock (/Users/boqiangliang/project/7134-easy-mcp-server/node_modules/jest-circus/build/run.js:121:9)\n    at async run (/Users/boqiangliang/project/7134-easy-mcp-server/node_modules/jest-circus/build/run.js:71:3)\n    at async runAndTransformResultsToJestFormat (/Users/boqiangliang/project/7134-easy-mcp-server/node_modules/jest-circus/build/legacy-code-todo-rewrite/jestAdapterInit.js:122:21)\n    at async jestAdapter (/Users/boqiangliang/project/7134-easy-mcp-server/node_modules/jest-circus/build/legacy-code-todo-rewrite/jestAdapter.js:79:19)\n    at async runTestInternal (/Users/boqiangliang/project/7134-easy-mcp-server/node_modules/jest-runner/build/runTest.js:367:16)\n    at async runTest (/Users/boqiangliang/project/7134-easy-mcp-server/node_modules/jest-runner/build/runTest.js:444:34)"],"fullName":"Example Project Dynamic Routes Static and Dynamic Routes Coexistence should have both static and dynamic product routes","invocations":1,"location":null,"numPassingAsserts":0,"retryReasons":[],"status":"failed","title":"should have both static and dynamic product routes"},{"ancestorTitles":["Example Project Dynamic Routes","Static and Dynamic Routes Coexistence"],"duration":1,"failureDetails":[{"matcherResult":{"message":"expect(received).toBeDefined()\n\nReceived: undefined","pass":false}}],"failureMessages":["Error: expect(received).toBeDefined()\n\nReceived: undefined\n    at Object.<anonymous> (/Users/boqiangliang/project/7134-easy-mcp-server/test/example-project-dynamic-routes.test.js:94:25)\n    at Promise.then.completed (/Users/boqiangliang/project/7134-easy-mcp-server/node_modules/jest-circus/build/utils.js:298:28)\n    at new Promise (<anonymous>)\n    at callAsyncCircusFn (/Users/boqiangliang/project/7134-easy-mcp-server/node_modules/jest-circus/build/utils.js:231:10)\n    at _callCircusTest (/Users/boqiangliang/project/7134-easy-mcp-server/node_modules/jest-circus/build/run.js:316:40)\n    at processTicksAndRejections (node:internal/process/task_queues:105:5)\n    at async _runTest (/Users/boqiangliang/project/7134-easy-mcp-server/node_modules/jest-circus/build/run.js:252:3)\n    at async _runTestsForDescribeBlock (/Users/boqiangliang/project/7134-easy-mcp-server/node_modules/jest-circus/build/run.js:126:9)\n    at async _runTestsForDescribeBlock (/Users/boqiangliang/project/7134-easy-mcp-server/node_modules/jest-circus/build/run.js:121:9)\n    at async _runTestsForDescribeBlock (/Users/boqiangliang/project/7134-easy-mcp-server/node_modules/jest-circus/build/run.js:121:9)\n    at async run (/Users/boqiangliang/project/7134-easy-mcp-server/node_modules/jest-circus/build/run.js:71:3)\n    at async runAndTransformResultsToJestFormat (/Users/boqiangliang/project/7134-easy-mcp-server/node_modules/jest-circus/build/legacy-code-todo-rewrite/jestAdapterInit.js:122:21)\n    at async jestAdapter (/Users/boqiangliang/project/7134-easy-mcp-server/node_modules/jest-circus/build/legacy-code-todo-rewrite/jestAdapter.js:79:19)\n    at async runTestInternal (/Users/boqiangliang/project/7134-easy-mcp-server/node_modules/jest-runner/build/runTest.js:367:16)\n    at async runTest (/Users/boqiangliang/project/7134-easy-mcp-server/node_modules/jest-runner/build/runTest.js:444:34)"],"fullName":"Example Project Dynamic Routes Static and Dynamic Routes Coexistence should have static user routes without dynamic routes","invocations":1,"location":null,"numPassingAsserts":0,"retryReasons":[],"status":"failed","title":"should have static user routes without dynamic routes"},{"ancestorTitles":["Example Project Dynamic Routes","Parameter Types"],"duration":4,"failureDetails":[{"matcherResult":{"actual":false,"expected":true,"message":"expect(received).toBe(expected) // Object.is equality\n\nExpected: true\nReceived: false","name":"toBe","pass":false}}],"failureMessages":["Error: expect(received).toBe(expected) // Object.is equality\n\nExpected: true\nReceived: false\n    at Object.<anonymous> (/Users/boqiangliang/project/7134-easy-mcp-server/test/example-project-dynamic-routes.test.js:111:30)\n    at processTicksAndRejections (node:internal/process/task_queues:105:5)"],"fullName":"Example Project Dynamic Routes Parameter Types should handle numeric ID","invocations":1,"location":null,"numPassingAsserts":1,"retryReasons":[],"status":"failed","title":"should handle numeric ID"},{"ancestorTitles":["Example Project Dynamic Routes","Parameter Types"],"duration":4,"failureDetails":[{"matcherResult":{"actual":false,"expected":true,"message":"expect(received).toBe(expected) // Object.is equality\n\nExpected: true\nReceived: false","name":"toBe","pass":false}}],"failureMessages":["Error: expect(received).toBe(expected) // Object.is equality\n\nExpected: true\nReceived: false\n    at Object.<anonymous> (/Users/boqiangliang/project/7134-easy-mcp-server/test/example-project-dynamic-routes.test.js:118:31)\n    at processTicksAndRejections (node:internal/process/task_queues:105:5)"],"fullName":"Example Project Dynamic Routes Parameter Types should handle string ID","invocations":1,"location":null,"numPassingAsserts":1,"retryReasons":[],"status":"failed","title":"should handle string ID"},{"ancestorTitles":["Example Project Dynamic Routes","Parameter Types"],"duration":3,"failureDetails":[{"matcherResult":{"actual":false,"expected":true,"message":"expect(received).toBe(expected) // Object.is equality\n\nExpected: true\nReceived: false","name":"toBe","pass":false}}],"failureMessages":["Error: expect(received).toBe(expected) // Object.is equality\n\nExpected: true\nReceived: false\n    at Object.<anonymous> (/Users/boqiangliang/project/7134-easy-mcp-server/test/example-project-dynamic-routes.test.js:125:31)\n    at processTicksAndRejections (node:internal/process/task_queues:105:5)"],"fullName":"Example Project Dynamic Routes Parameter Types should handle UUID-like ID","invocations":1,"location":null,"numPassingAsserts":1,"retryReasons":[],"status":"failed","title":"should handle UUID-like ID"},{"ancestorTitles":["Example Project Dynamic Routes","All Routes Summary"],"duration":1,"failureDetails":[{"matcherResult":{"message":"expect(received).toContain(expected) // indexOf\n\nExpected value: \"GET /users\"\nReceived array: []","pass":false}}],"failureMessages":["Error: expect(received).toContain(expected) // indexOf\n\nExpected value: \"GET /users\"\nReceived array: []\n    at Object.<anonymous> (/Users/boqiangliang/project/7134-easy-mcp-server/test/example-project-dynamic-routes.test.js:140:28)\n    at Promise.then.completed (/Users/boqiangliang/project/7134-easy-mcp-server/node_modules/jest-circus/build/utils.js:298:28)\n    at new Promise (<anonymous>)\n    at callAsyncCircusFn (/Users/boqiangliang/project/7134-easy-mcp-server/node_modules/jest-circus/build/utils.js:231:10)\n    at _callCircusTest (/Users/boqiangliang/project/7134-easy-mcp-server/node_modules/jest-circus/build/run.js:316:40)\n    at processTicksAndRejections (node:internal/process/task_queues:105:5)\n    at async _runTest (/Users/boqiangliang/project/7134-easy-mcp-server/node_modules/jest-circus/build/run.js:252:3)\n    at async _runTestsForDescribeBlock (/Users/boqiangliang/project/7134-easy-mcp-server/node_modules/jest-circus/build/run.js:126:9)\n    at async _runTestsForDescribeBlock (/Users/boqiangliang/project/7134-easy-mcp-server/node_modules/jest-circus/build/run.js:121:9)\n    at async _runTestsForDescribeBlock (/Users/boqiangliang/project/7134-easy-mcp-server/node_modules/jest-circus/build/run.js:121:9)\n    at async run (/Users/boqiangliang/project/7134-easy-mcp-server/node_modules/jest-circus/build/run.js:71:3)\n    at async runAndTransformResultsToJestFormat (/Users/boqiangliang/project/7134-easy-mcp-server/node_modules/jest-circus/build/legacy-code-todo-rewrite/jestAdapterInit.js:122:21)\n    at async jestAdapter (/Users/boqiangliang/project/7134-easy-mcp-server/node_modules/jest-circus/build/legacy-code-todo-rewrite/jestAdapter.js:79:19)\n    at async runTestInternal (/Users/boqiangliang/project/7134-easy-mcp-server/node_modules/jest-runner/build/runTest.js:367:16)\n    at async runTest (/Users/boqiangliang/project/7134-easy-mcp-server/node_modules/jest-runner/build/runTest.js:444:34)"],"fullName":"Example Project Dynamic Routes All Routes Summary should list all available routes in example-project","invocations":1,"location":null,"numPassingAsserts":0,"retryReasons":[],"status":"failed","title":"should list all available routes in example-project"}],"endTime":1761890852772,"message":"  ● Example Project Dynamic Routes › Product Dynamic Routes › should load product dynamic routes correctly\n\n    expect(received).toBeDefined()\n\n    Received: undefined\n\n      37 |       const getProductById = routes.find(r => r.path === '/products/:id' && r.method === 'GET');\n      38 |       \n    > 39 |       expect(getProductById).toBeDefined();\n         |                              ^\n      40 |     });\n      41 |\n      42 |     test('should get product by ID (product 1)', async () => {\n\n      at Object.<anonymous> (test/example-project-dynamic-routes.test.js:39:30)\n\n  ● Example Project Dynamic Routes › Product Dynamic Routes › should get product by ID (product 1)\n\n    expect(received).toBe(expected) // Object.is equality\n\n    Expected: 200\n    Received: 404\n\n      43 |       const response = await request(app).get('/products/1');\n      44 |       \n    > 45 |       expect(response.status).toBe(200);\n         |                               ^\n      46 |       expect(response.body.product).toBeDefined();\n      47 |       expect(response.body.product.id).toBe('1');\n      48 |       expect(response.body.product.name).toBeDefined();\n\n      at Object.<anonymous> (test/example-project-dynamic-routes.test.js:45:31)\n\n  ● Example Project Dynamic Routes › Product Dynamic Routes › should get product by ID (product 2)\n\n    expect(received).toBe(expected) // Object.is equality\n\n    Expected: 200\n    Received: 404\n\n      52 |       const response = await request(app).get('/products/2');\n      53 |       \n    > 54 |       expect(response.status).toBe(200);\n         |                               ^\n      55 |       expect(response.body.product).toBeDefined();\n      56 |       expect(response.body.product.id).toBe('2');\n      57 |       expect(response.body.product.name).toBeDefined();\n\n      at Object.<anonymous> (test/example-project-dynamic-routes.test.js:54:31)\n\n  ● Example Project Dynamic Routes › Product Dynamic Routes › should return 404 for non-existent product\n\n    expect(received).toBe(expected) // Object.is equality\n\n    Expected: 200\n    Received: 404\n\n      62 |       \n      63 |       // New handler returns 200 with a typed Product object\n    > 64 |       expect(response.status).toBe(200);\n         |                               ^\n      65 |       expect(response.body && response.body.product).toBeDefined();\n      66 |     });\n      67 |   });\n\n      at Object.<anonymous> (test/example-project-dynamic-routes.test.js:64:31)\n\n  ● Example Project Dynamic Routes › Static and Dynamic Routes Coexistence › should have both static and dynamic product routes\n\n    expect(received).toBeDefined()\n\n    Received: undefined\n\n      80 |       const dynamicGet = routes.find(r => r.path === '/products/:id' && r.method === 'GET');\n      81 |       \n    > 82 |       expect(staticGet).toBeDefined();\n         |                         ^\n      83 |       expect(staticPost).toBeDefined();\n      84 |       expect(dynamicGet).toBeDefined();\n      85 |     });\n\n      at Object.<anonymous> (test/example-project-dynamic-routes.test.js:82:25)\n\n  ● Example Project Dynamic Routes › Static and Dynamic Routes Coexistence › should have static user routes without dynamic routes\n\n    expect(received).toBeDefined()\n\n    Received: undefined\n\n      92 |       const dynamicGet = routes.find(r => r.path === '/users/:id' && r.method === 'GET');\n      93 |       \n    > 94 |       expect(staticGet).toBeDefined();\n         |                         ^\n      95 |       expect(staticPost).toBeDefined();\n      96 |       // Users API doesn't use dynamic routes - just static routes\n      97 |       expect(dynamicGet).toBeUndefined();\n\n      at Object.<anonymous> (test/example-project-dynamic-routes.test.js:94:25)\n\n  ● Example Project Dynamic Routes › Parameter Types › should handle numeric ID\n\n    expect(received).toBe(expected) // Object.is equality\n\n    Expected: true\n    Received: false\n\n      109 |       expect([200, 404]).toContain(response.status);\n      110 |       const hasCompatShape = response.body && (Object.prototype.hasOwnProperty.call(response.body, 'success') || Object.prototype.hasOwnProperty.call(response.body, 'product'));\n    > 111 |       expect(hasCompatShape).toBe(true);\n          |                              ^\n      112 |     });\n      113 |\n      114 |     test('should handle string ID', async () => {\n\n      at Object.<anonymous> (test/example-project-dynamic-routes.test.js:111:30)\n\n  ● Example Project Dynamic Routes › Parameter Types › should handle string ID\n\n    expect(received).toBe(expected) // Object.is equality\n\n    Expected: true\n    Received: false\n\n      116 |       expect([200, 404]).toContain(response.status);\n      117 |       const hasCompatShape2 = response.body && (Object.prototype.hasOwnProperty.call(response.body, 'success') || Object.prototype.hasOwnProperty.call(response.body, 'product'));\n    > 118 |       expect(hasCompatShape2).toBe(true);\n          |                               ^\n      119 |     });\n      120 |\n      121 |     test('should handle UUID-like ID', async () => {\n\n      at Object.<anonymous> (test/example-project-dynamic-routes.test.js:118:31)\n\n  ● Example Project Dynamic Routes › Parameter Types › should handle UUID-like ID\n\n    expect(received).toBe(expected) // Object.is equality\n\n    Expected: true\n    Received: false\n\n      123 |       expect([200, 404]).toContain(response.status);\n      124 |       const hasCompatShape3 = response.body && (Object.prototype.hasOwnProperty.call(response.body, 'success') || Object.prototype.hasOwnProperty.call(response.body, 'product'));\n    > 125 |       expect(hasCompatShape3).toBe(true);\n          |                               ^\n      126 |     });\n      127 |   });\n      128 |\n\n      at Object.<anonymous> (test/example-project-dynamic-routes.test.js:125:31)\n\n  ● Example Project Dynamic Routes › All Routes Summary › should list all available routes in example-project\n\n    expect(received).toContain(expected) // indexOf\n\n    Expected value: \"GET /users\"\n    Received array: []\n\n      138 |       \n      139 |       // Verify we have the expected routes\n    > 140 |       expect(routeSummary).toContain('GET /users');\n          |                            ^\n      141 |       expect(routeSummary).toContain('POST /users');\n      142 |       expect(routeSummary).toContain('GET /products');\n      143 |       expect(routeSummary).toContain('POST /products');\n\n      at Object.<anonymous> (test/example-project-dynamic-routes.test.js:140:28)\n","name":"/Users/boqiangliang/project/7134-easy-mcp-server/test/example-project-dynamic-routes.test.js","startTime":1761890851607,"status":"failed","summary":""},{"assertionResults":[{"ancestorTitles":["Graceful API Initialization","BaseAPIEnhanced Graceful Initialization"],"duration":3,"failureDetails":[],"failureMessages":[],"fullName":"Graceful API Initialization BaseAPIEnhanced Graceful Initialization should handle initialization success","invocations":1,"location":null,"numPassingAsserts":3,"retryReasons":[],"status":"passed","title":"should handle initialization success"},{"ancestorTitles":["Graceful API Initialization","BaseAPIEnhanced Graceful Initialization"],"duration":2,"failureDetails":[],"failureMessages":[],"fullName":"Graceful API Initialization BaseAPIEnhanced Graceful Initialization should handle initialization failure gracefully","invocations":1,"location":null,"numPassingAsserts":4,"retryReasons":[],"status":"passed","title":"should handle initialization failure gracefully"},{"ancestorTitles":["Graceful API Initialization","BaseAPIEnhanced Graceful Initialization"],"duration":1,"failureDetails":[],"failureMessages":[],"fullName":"Graceful API Initialization BaseAPIEnhanced Graceful Initialization should return 503 for failed initialization","invocations":1,"location":null,"numPassingAsserts":2,"retryReasons":[],"status":"passed","title":"should return 503 for failed initialization"},{"ancestorTitles":["Graceful API Initialization","BaseAPIEnhanced Graceful Initialization"],"duration":105,"failureDetails":[],"failureMessages":[],"fullName":"Graceful API Initialization BaseAPIEnhanced Graceful Initialization should support retry mechanism","invocations":1,"location":null,"numPassingAsserts":5,"retryReasons":[],"status":"passed","title":"should support retry mechanism"},{"ancestorTitles":["Graceful API Initialization","BaseAPIEnhanced Graceful Initialization"],"duration":26,"failureDetails":[],"failureMessages":[],"fullName":"Graceful API Initialization BaseAPIEnhanced Graceful Initialization should respect max retry limit","invocations":1,"location":null,"numPassingAsserts":7,"retryReasons":[],"status":"passed","title":"should respect max retry limit"},{"ancestorTitles":["Graceful API Initialization","BaseAPIEnhanced Graceful Initialization"],"duration":1,"failureDetails":[],"failureMessages":[],"fullName":"Graceful API Initialization BaseAPIEnhanced Graceful Initialization should provide detailed service status","invocations":1,"location":null,"numPassingAsserts":1,"retryReasons":[],"status":"passed","title":"should provide detailed service status"},{"ancestorTitles":["Graceful API Initialization","Server Integration Tests"],"duration":27,"failureDetails":[{"matcherResult":{"message":"expect(received).toBeGreaterThan(expected)\n\nExpected: > 0\nReceived:   0","pass":false}}],"failureMessages":["Error: expect(received).toBeGreaterThan(expected)\n\nExpected: > 0\nReceived:   0\n    at Object.<anonymous> (/Users/boqiangliang/project/7134-easy-mcp-server/test/graceful-initialization.test.js:242:29)\n    at Promise.then.completed (/Users/boqiangliang/project/7134-easy-mcp-server/node_modules/jest-circus/build/utils.js:298:28)\n    at new Promise (<anonymous>)\n    at callAsyncCircusFn (/Users/boqiangliang/project/7134-easy-mcp-server/node_modules/jest-circus/build/utils.js:231:10)\n    at _callCircusTest (/Users/boqiangliang/project/7134-easy-mcp-server/node_modules/jest-circus/build/run.js:316:40)\n    at async _runTest (/Users/boqiangliang/project/7134-easy-mcp-server/node_modules/jest-circus/build/run.js:252:3)\n    at async _runTestsForDescribeBlock (/Users/boqiangliang/project/7134-easy-mcp-server/node_modules/jest-circus/build/run.js:126:9)\n    at async _runTestsForDescribeBlock (/Users/boqiangliang/project/7134-easy-mcp-server/node_modules/jest-circus/build/run.js:121:9)\n    at async _runTestsForDescribeBlock (/Users/boqiangliang/project/7134-easy-mcp-server/node_modules/jest-circus/build/run.js:121:9)\n    at async run (/Users/boqiangliang/project/7134-easy-mcp-server/node_modules/jest-circus/build/run.js:71:3)\n    at async runAndTransformResultsToJestFormat (/Users/boqiangliang/project/7134-easy-mcp-server/node_modules/jest-circus/build/legacy-code-todo-rewrite/jestAdapterInit.js:122:21)\n    at async jestAdapter (/Users/boqiangliang/project/7134-easy-mcp-server/node_modules/jest-circus/build/legacy-code-todo-rewrite/jestAdapter.js:79:19)\n    at async runTestInternal (/Users/boqiangliang/project/7134-easy-mcp-server/node_modules/jest-runner/build/runTest.js:367:16)\n    at async runTest (/Users/boqiangliang/project/7134-easy-mcp-server/node_modules/jest-runner/build/runTest.js:444:34)"],"fullName":"Graceful API Initialization Server Integration Tests should start server even with failing APIs","invocations":1,"location":null,"numPassingAsserts":0,"retryReasons":[],"status":"failed","title":"should start server even with failing APIs"},{"ancestorTitles":["Graceful API Initialization","Server Integration Tests"],"duration":16,"failureDetails":[],"failureMessages":[],"fullName":"Graceful API Initialization Server Integration Tests should provide retry endpoint","invocations":1,"location":null,"numPassingAsserts":3,"retryReasons":[],"status":"passed","title":"should provide retry endpoint"},{"ancestorTitles":["Graceful API Initialization","Server Integration Tests"],"duration":7,"failureDetails":[],"failureMessages":[],"fullName":"Graceful API Initialization Server Integration Tests should handle retry endpoint errors","invocations":1,"location":null,"numPassingAsserts":0,"retryReasons":[],"status":"passed","title":"should handle retry endpoint errors"},{"ancestorTitles":["Graceful API Initialization","Health Check Enhancement"],"duration":4,"failureDetails":[],"failureMessages":[],"fullName":"Graceful API Initialization Health Check Enhancement should show detailed API status in health check","invocations":1,"location":null,"numPassingAsserts":5,"retryReasons":[],"status":"passed","title":"should show detailed API status in health check"}],"endTime":1761890854006,"message":"  ● Graceful API Initialization › Server Integration Tests › should start server even with failing APIs\n\n    expect(received).toBeGreaterThan(expected)\n\n    Expected: > 0\n    Received:   0\n\n      240 |       // Load APIs (should not crash server)\n      241 |       const routes = apiLoader.loadAPIs();\n    > 242 |       expect(routes.length).toBeGreaterThan(0);\n          |                             ^\n      243 |\n      244 |       // Manually trigger initialization to simulate the failure\n      245 |       for (const route of routes) {\n\n      at Object.<anonymous> (test/graceful-initialization.test.js:242:29)\n","name":"/Users/boqiangliang/project/7134-easy-mcp-server/test/graceful-initialization.test.js","startTime":1761890852777,"status":"failed","summary":""},{"assertionResults":[{"ancestorTitles":["Framework Functionality","Package Configuration"],"duration":52,"failureDetails":[],"failureMessages":[],"fullName":"Framework Functionality Package Configuration should have valid package.json structure","invocations":1,"location":null,"numPassingAsserts":4,"retryReasons":[],"status":"passed","title":"should have valid package.json structure"},{"ancestorTitles":["Framework Functionality","Package Configuration"],"duration":52,"failureDetails":[],"failureMessages":[],"fullName":"Framework Functionality Package Configuration should have required scripts","invocations":1,"location":null,"numPassingAsserts":3,"retryReasons":[],"status":"passed","title":"should have required scripts"},{"ancestorTitles":["Framework Functionality","Package Configuration"],"duration":52,"failureDetails":[],"failureMessages":[],"fullName":"Framework Functionality Package Configuration should have core dependencies","invocations":1,"location":null,"numPassingAsserts":3,"retryReasons":[],"status":"passed","title":"should have core dependencies"},{"ancestorTitles":["Framework Functionality","Framework Initialization"],"duration":71,"failureDetails":[],"failureMessages":[],"fullName":"Framework Functionality Framework Initialization should initialize without errors","invocations":1,"location":null,"numPassingAsserts":1,"retryReasons":[],"status":"passed","title":"should initialize without errors"},{"ancestorTitles":["Framework Functionality","Framework Initialization"],"duration":66,"failureDetails":[],"failureMessages":[],"fullName":"Framework Functionality Framework Initialization should export expected modules","invocations":1,"location":null,"numPassingAsserts":2,"retryReasons":[],"status":"passed","title":"should export expected modules"}],"endTime":1761890855324,"message":"","name":"/Users/boqiangliang/project/7134-easy-mcp-server/test/framework.test.js","startTime":1761890854011,"status":"passed","summary":""},{"assertionResults":[{"ancestorTitles":["Environment Hot Reload - Simple"],"duration":5114,"failureDetails":[{}],"failureMessages":["Error: Test timeout - environment hot reload did not work\n    at Timeout._onTimeout (/Users/boqiangliang/project/7134-easy-mcp-server/test/env-hot-reload-simple.test.js:69:14)\n    at listOnTimeout (node:internal/timers:588:17)\n    at processTimers (node:internal/timers:523:7)"],"fullName":"Environment Hot Reload - Simple should detect .env file changes and reload environment variables","invocations":1,"location":null,"numPassingAsserts":0,"retryReasons":[],"status":"failed","title":"should detect .env file changes and reload environment variables"},{"ancestorTitles":["Environment Hot Reload - Simple"],"duration":null,"failureDetails":[],"failureMessages":[],"fullName":"Environment Hot Reload - Simple should handle multiple .env files in priority order","invocations":1,"location":null,"numPassingAsserts":0,"retryReasons":[],"status":"pending","title":"should handle multiple .env files in priority order"},{"ancestorTitles":["Environment Hot Reload - Simple"],"duration":null,"failureDetails":[],"failureMessages":[],"fullName":"Environment Hot Reload - Simple should handle missing .env files gracefully","invocations":1,"location":null,"numPassingAsserts":0,"retryReasons":[],"status":"pending","title":"should handle missing .env files gracefully"}],"endTime":1761890861485,"message":"  ● Environment Hot Reload - Simple › should detect .env file changes and reload environment variables\n\n    Test timeout - environment hot reload did not work\n\n      67 |       hotReloader.stopWatching();\n      68 |       if (!reloadCalled) {\n    > 69 |         done(new Error('Test timeout - environment hot reload did not work'));\n         |              ^\n      70 |       }\n      71 |     }, 5000);\n      72 |   });\n\n      at Timeout._onTimeout (test/env-hot-reload-simple.test.js:69:14)\n","name":"/Users/boqiangliang/project/7134-easy-mcp-server/test/env-hot-reload-simple.test.js","startTime":1761890855331,"status":"failed","summary":""},{"assertionResults":[{"ancestorTitles":["IPv6 Binding Fix for Kubernetes Compatibility"],"duration":109,"failureDetails":[],"failureMessages":[],"fullName":"IPv6 Binding Fix for Kubernetes Compatibility MCP server binds to all interfaces by default","invocations":1,"location":null,"numPassingAsserts":1,"retryReasons":[],"status":"passed","title":"MCP server binds to all interfaces by default"},{"ancestorTitles":["IPv6 Binding Fix for Kubernetes Compatibility"],"duration":3,"failureDetails":[],"failureMessages":[],"fullName":"IPv6 Binding Fix for Kubernetes Compatibility MCP server constructor defaults to 0.0.0.0","invocations":1,"location":null,"numPassingAsserts":1,"retryReasons":[],"status":"passed","title":"MCP server constructor defaults to 0.0.0.0"},{"ancestorTitles":["IPv6 Binding Fix for Kubernetes Compatibility"],"duration":4,"failureDetails":[],"failureMessages":[],"fullName":"IPv6 Binding Fix for Kubernetes Compatibility MCP server can still bind to specific interfaces when needed","invocations":1,"location":null,"numPassingAsserts":2,"retryReasons":[],"status":"passed","title":"MCP server can still bind to specific interfaces when needed"},{"ancestorTitles":["IPv6 Binding Fix for Kubernetes Compatibility"],"duration":104,"failureDetails":[],"failureMessages":[],"fullName":"IPv6 Binding Fix for Kubernetes Compatibility Server startup logs show correct binding address","invocations":1,"location":null,"numPassingAsserts":2,"retryReasons":[],"status":"passed","title":"Server startup logs show correct binding address"}],"endTime":1761890862735,"message":"","name":"/Users/boqiangliang/project/7134-easy-mcp-server/test/ipv6-binding.test.js","startTime":1761890861489,"status":"passed","summary":""},{"assertionResults":[{"ancestorTitles":["Core Modules Integration","Module Loading"],"duration":81,"failureDetails":[],"failureMessages":[],"fullName":"Core Modules Integration Module Loading should load all core modules without errors","invocations":1,"location":null,"numPassingAsserts":1,"retryReasons":[],"status":"passed","title":"should load all core modules without errors"},{"ancestorTitles":["Core Modules Integration","Module Loading"],"duration":68,"failureDetails":[],"failureMessages":[],"fullName":"Core Modules Integration Module Loading should have consistent module structure","invocations":1,"location":null,"numPassingAsserts":3,"retryReasons":[],"status":"passed","title":"should have consistent module structure"},{"ancestorTitles":["Core Modules Integration","Cross-Module Dependencies"],"duration":68,"failureDetails":[],"failureMessages":[],"fullName":"Core Modules Integration Cross-Module Dependencies should handle circular dependencies gracefully","invocations":1,"location":null,"numPassingAsserts":2,"retryReasons":[],"status":"passed","title":"should handle circular dependencies gracefully"}],"endTime":1761890863991,"message":"","name":"/Users/boqiangliang/project/7134-easy-mcp-server/test/core-modules.test.js","startTime":1761890862743,"status":"passed","summary":""},{"assertionResults":[{"ancestorTitles":["Dynamic Routes"],"duration":2,"failureDetails":[{"matcherResult":{"message":"expect(received).toBeDefined()\n\nReceived: undefined","pass":false}}],"failureMessages":["Error: expect(received).toBeDefined()\n\nReceived: undefined\n    at Object.<anonymous> (/Users/boqiangliang/project/7134-easy-mcp-server/test/dynamic-routes.test.js:44:26)\n    at Promise.then.completed (/Users/boqiangliang/project/7134-easy-mcp-server/node_modules/jest-circus/build/utils.js:298:28)\n    at new Promise (<anonymous>)\n    at callAsyncCircusFn (/Users/boqiangliang/project/7134-easy-mcp-server/node_modules/jest-circus/build/utils.js:231:10)\n    at _callCircusTest (/Users/boqiangliang/project/7134-easy-mcp-server/node_modules/jest-circus/build/run.js:316:40)\n    at async _runTest (/Users/boqiangliang/project/7134-easy-mcp-server/node_modules/jest-circus/build/run.js:252:3)\n    at async _runTestsForDescribeBlock (/Users/boqiangliang/project/7134-easy-mcp-server/node_modules/jest-circus/build/run.js:126:9)\n    at async _runTestsForDescribeBlock (/Users/boqiangliang/project/7134-easy-mcp-server/node_modules/jest-circus/build/run.js:121:9)\n    at async run (/Users/boqiangliang/project/7134-easy-mcp-server/node_modules/jest-circus/build/run.js:71:3)\n    at async runAndTransformResultsToJestFormat (/Users/boqiangliang/project/7134-easy-mcp-server/node_modules/jest-circus/build/legacy-code-todo-rewrite/jestAdapterInit.js:122:21)\n    at async jestAdapter (/Users/boqiangliang/project/7134-easy-mcp-server/node_modules/jest-circus/build/legacy-code-todo-rewrite/jestAdapter.js:79:19)\n    at async runTestInternal (/Users/boqiangliang/project/7134-easy-mcp-server/node_modules/jest-runner/build/runTest.js:367:16)\n    at async runTest (/Users/boqiangliang/project/7134-easy-mcp-server/node_modules/jest-runner/build/runTest.js:444:34)"],"fullName":"Dynamic Routes should load API with single dynamic parameter [id]","invocations":1,"location":null,"numPassingAsserts":0,"retryReasons":[],"status":"failed","title":"should load API with single dynamic parameter [id]"},{"ancestorTitles":["Dynamic Routes"],"duration":5,"failureDetails":[{"matcherResult":{"actual":404,"expected":200,"message":"expect(received).toBe(expected) // Object.is equality\n\nExpected: 200\nReceived: 404","name":"toBe","pass":false}}],"failureMessages":["Error: expect(received).toBe(expected) // Object.is equality\n\nExpected: 200\nReceived: 404\n    at Object.<anonymous> (/Users/boqiangliang/project/7134-easy-mcp-server/test/dynamic-routes.test.js:56:29)\n    at processTicksAndRejections (node:internal/process/task_queues:105:5)"],"fullName":"Dynamic Routes should handle GET request to /products/:id","invocations":1,"location":null,"numPassingAsserts":0,"retryReasons":[],"status":"failed","title":"should handle GET request to /products/:id"},{"ancestorTitles":["Dynamic Routes"],"duration":5,"failureDetails":[{"matcherResult":{"actual":404,"expected":200,"message":"expect(received).toBe(expected) // Object.is equality\n\nExpected: 200\nReceived: 404","name":"toBe","pass":false}}],"failureMessages":["Error: expect(received).toBe(expected) // Object.is equality\n\nExpected: 200\nReceived: 404\n    at Object.<anonymous> (/Users/boqiangliang/project/7134-easy-mcp-server/test/dynamic-routes.test.js:67:29)\n    at processTicksAndRejections (node:internal/process/task_queues:105:5)"],"fullName":"Dynamic Routes should handle 404 for non-existent product ID","invocations":1,"location":null,"numPassingAsserts":0,"retryReasons":[],"status":"failed","title":"should handle 404 for non-existent product ID"},{"ancestorTitles":["Dynamic Routes"],"duration":null,"failureDetails":[],"failureMessages":[],"fullName":"Dynamic Routes should load API with nested dynamic parameters [userId]/posts/[postId]","invocations":1,"location":null,"numPassingAsserts":0,"retryReasons":[],"status":"pending","title":"should load API with nested dynamic parameters [userId]/posts/[postId]"},{"ancestorTitles":["Dynamic Routes"],"duration":null,"failureDetails":[],"failureMessages":[],"fullName":"Dynamic Routes should handle GET request to /users/:userId/posts/:postId","invocations":1,"location":null,"numPassingAsserts":0,"retryReasons":[],"status":"pending","title":"should handle GET request to /users/:userId/posts/:postId"},{"ancestorTitles":["Dynamic Routes"],"duration":2,"failureDetails":[{"matcherResult":{"message":"expect(received).toBeDefined()\n\nReceived: undefined","pass":false}}],"failureMessages":["Error: expect(received).toBeDefined()\n\nReceived: undefined\n    at Object.<anonymous> (/Users/boqiangliang/project/7134-easy-mcp-server/test/dynamic-routes.test.js:128:29)\n    at Promise.then.completed (/Users/boqiangliang/project/7134-easy-mcp-server/node_modules/jest-circus/build/utils.js:298:28)\n    at new Promise (<anonymous>)\n    at callAsyncCircusFn (/Users/boqiangliang/project/7134-easy-mcp-server/node_modules/jest-circus/build/utils.js:231:10)\n    at _callCircusTest (/Users/boqiangliang/project/7134-easy-mcp-server/node_modules/jest-circus/build/run.js:316:40)\n    at processTicksAndRejections (node:internal/process/task_queues:105:5)\n    at async _runTest (/Users/boqiangliang/project/7134-easy-mcp-server/node_modules/jest-circus/build/run.js:252:3)\n    at async _runTestsForDescribeBlock (/Users/boqiangliang/project/7134-easy-mcp-server/node_modules/jest-circus/build/run.js:126:9)\n    at async _runTestsForDescribeBlock (/Users/boqiangliang/project/7134-easy-mcp-server/node_modules/jest-circus/build/run.js:121:9)\n    at async run (/Users/boqiangliang/project/7134-easy-mcp-server/node_modules/jest-circus/build/run.js:71:3)\n    at async runAndTransformResultsToJestFormat (/Users/boqiangliang/project/7134-easy-mcp-server/node_modules/jest-circus/build/legacy-code-todo-rewrite/jestAdapterInit.js:122:21)\n    at async jestAdapter (/Users/boqiangliang/project/7134-easy-mcp-server/node_modules/jest-circus/build/legacy-code-todo-rewrite/jestAdapter.js:79:19)\n    at async runTestInternal (/Users/boqiangliang/project/7134-easy-mcp-server/node_modules/jest-runner/build/runTest.js:367:16)\n    at async runTest (/Users/boqiangliang/project/7134-easy-mcp-server/node_modules/jest-runner/build/runTest.js:444:34)"],"fullName":"Dynamic Routes should convert multiple [param] patterns correctly","invocations":1,"location":null,"numPassingAsserts":0,"retryReasons":[],"status":"failed","title":"should convert multiple [param] patterns correctly"},{"ancestorTitles":["Dynamic Routes"],"duration":4,"failureDetails":[{"matcherResult":{"actual":404,"expected":200,"message":"expect(received).toBe(expected) // Object.is equality\n\nExpected: 200\nReceived: 404","name":"toBe","pass":false}}],"failureMessages":["Error: expect(received).toBe(expected) // Object.is equality\n\nExpected: 200\nReceived: 404\n    at Object.<anonymous> (/Users/boqiangliang/project/7134-easy-mcp-server/test/dynamic-routes.test.js:162:29)\n    at processTicksAndRejections (node:internal/process/task_queues:105:5)"],"fullName":"Dynamic Routes should handle requests to routes with multiple parameters","invocations":1,"location":null,"numPassingAsserts":0,"retryReasons":[],"status":"failed","title":"should handle requests to routes with multiple parameters"},{"ancestorTitles":["Dynamic Routes"],"duration":5,"failureDetails":[{"matcherResult":{"actual":404,"expected":200,"message":"expect(received).toBe(expected) // Object.is equality\n\nExpected: 200\nReceived: 404","name":"toBe","pass":false}}],"failureMessages":["Error: expect(received).toBe(expected) // Object.is equality\n\nExpected: 200\nReceived: 404\n    at Object.<anonymous> (/Users/boqiangliang/project/7134-easy-mcp-server/test/dynamic-routes.test.js:174:36)\n    at processTicksAndRejections (node:internal/process/task_queues:105:5)"],"fullName":"Dynamic Routes should handle different parameter types (numeric, string, uuid)","invocations":1,"location":null,"numPassingAsserts":0,"retryReasons":[],"status":"failed","title":"should handle different parameter types (numeric, string, uuid)"},{"ancestorTitles":["Dynamic Routes"],"duration":3,"failureDetails":[{"matcherResult":{"actual":404,"expected":200,"message":"expect(received).toBe(expected) // Object.is equality\n\nExpected: 200\nReceived: 404","name":"toBe","pass":false}}],"failureMessages":["Error: expect(received).toBe(expected) // Object.is equality\n\nExpected: 200\nReceived: 404\n    at Object.<anonymous> (/Users/boqiangliang/project/7134-easy-mcp-server/test/dynamic-routes.test.js:197:29)\n    at processTicksAndRejections (node:internal/process/task_queues:105:5)"],"fullName":"Dynamic Routes should handle special characters in parameters","invocations":1,"location":null,"numPassingAsserts":0,"retryReasons":[],"status":"failed","title":"should handle special characters in parameters"},{"ancestorTitles":["Dynamic Routes"],"duration":4,"failureDetails":[],"failureMessages":[],"fullName":"Dynamic Routes should not convert [param] in query strings or body","invocations":1,"location":null,"numPassingAsserts":1,"retryReasons":[],"status":"passed","title":"should not convert [param] in query strings or body"},{"ancestorTitles":["Dynamic Routes"],"duration":4,"failureDetails":[],"failureMessages":[],"fullName":"Dynamic Routes should handle empty parameter values","invocations":1,"location":null,"numPassingAsserts":1,"retryReasons":[],"status":"passed","title":"should handle empty parameter values"},{"ancestorTitles":["Dynamic Routes"],"duration":1,"failureDetails":[{"matcherResult":{"message":"expect(received).toBeDefined()\n\nReceived: undefined","pass":false}}],"failureMessages":["Error: expect(received).toBeDefined()\n\nReceived: undefined\n    at Object.<anonymous> (/Users/boqiangliang/project/7134-easy-mcp-server/test/dynamic-routes.test.js:231:26)\n    at Promise.then.completed (/Users/boqiangliang/project/7134-easy-mcp-server/node_modules/jest-circus/build/utils.js:298:28)\n    at new Promise (<anonymous>)\n    at callAsyncCircusFn (/Users/boqiangliang/project/7134-easy-mcp-server/node_modules/jest-circus/build/utils.js:231:10)\n    at _callCircusTest (/Users/boqiangliang/project/7134-easy-mcp-server/node_modules/jest-circus/build/run.js:316:40)\n    at processTicksAndRejections (node:internal/process/task_queues:105:5)\n    at async _runTest (/Users/boqiangliang/project/7134-easy-mcp-server/node_modules/jest-circus/build/run.js:252:3)\n    at async _runTestsForDescribeBlock (/Users/boqiangliang/project/7134-easy-mcp-server/node_modules/jest-circus/build/run.js:126:9)\n    at async _runTestsForDescribeBlock (/Users/boqiangliang/project/7134-easy-mcp-server/node_modules/jest-circus/build/run.js:121:9)\n    at async run (/Users/boqiangliang/project/7134-easy-mcp-server/node_modules/jest-circus/build/run.js:71:3)\n    at async runAndTransformResultsToJestFormat (/Users/boqiangliang/project/7134-easy-mcp-server/node_modules/jest-circus/build/legacy-code-todo-rewrite/jestAdapterInit.js:122:21)\n    at async jestAdapter (/Users/boqiangliang/project/7134-easy-mcp-server/node_modules/jest-circus/build/legacy-code-todo-rewrite/jestAdapter.js:79:19)\n    at async runTestInternal (/Users/boqiangliang/project/7134-easy-mcp-server/node_modules/jest-runner/build/runTest.js:367:16)\n    at async runTest (/Users/boqiangliang/project/7134-easy-mcp-server/node_modules/jest-runner/build/runTest.js:444:34)"],"fullName":"Dynamic Routes should generate correct route information for OpenAPI","invocations":1,"location":null,"numPassingAsserts":0,"retryReasons":[],"status":"failed","title":"should generate correct route information for OpenAPI"},{"ancestorTitles":["Dynamic Routes"],"duration":1,"failureDetails":[{"matcherResult":{"message":"expect(received).toBeDefined()\n\nReceived: undefined","pass":false}}],"failureMessages":["Error: expect(received).toBeDefined()\n\nReceived: undefined\n    at Object.<anonymous> (/Users/boqiangliang/project/7134-easy-mcp-server/test/dynamic-routes.test.js:263:19)\n    at Promise.then.completed (/Users/boqiangliang/project/7134-easy-mcp-server/node_modules/jest-circus/build/utils.js:298:28)\n    at new Promise (<anonymous>)\n    at callAsyncCircusFn (/Users/boqiangliang/project/7134-easy-mcp-server/node_modules/jest-circus/build/utils.js:231:10)\n    at _callCircusTest (/Users/boqiangliang/project/7134-easy-mcp-server/node_modules/jest-circus/build/run.js:316:40)\n    at processTicksAndRejections (node:internal/process/task_queues:105:5)\n    at async _runTest (/Users/boqiangliang/project/7134-easy-mcp-server/node_modules/jest-circus/build/run.js:252:3
[...]
us/build/run.js:126:9)\n    at _runTestsForDescribeBlock (/Users/boqiangliang/project/7134-easy-mcp-server/node_modules/jest-circus/build/run.js:121:9)\n    at run (/Users/boqiangliang/project/7134-easy-mcp-server/node_modules/jest-circus/build/run.js:71:3)\n    at runAndTransformResultsToJestFormat (/Users/boqiangliang/project/7134-easy-mcp-server/node_modules/jest-circus/build/legacy-code-todo-rewrite/jestAdapterInit.js:122:21)\n    at jestAdapter (/Users/boqiangliang/project/7134-easy-mcp-server/node_modules/jest-circus/build/legacy-code-todo-rewrite/jestAdapter.js:79:19)\n    at runTestInternal (/Users/boqiangliang/project/7134-easy-mcp-server/node_modules/jest-runner/build/runTest.js:367:16)\n    at runTest (/Users/boqiangliang/project/7134-easy-mcp-server/node_modules/jest-runner/build/runTest.js:444:34)","Error: ENOENT: no such file or directory, unlink '/Users/boqiangliang/project/7134-easy-mcp-server/test-bridge-config.json'\n    at Object.unlinkSync (node:fs:1952:11)\n    at Object.<anonymous> (/Users/boqiangliang/project/7134-easy-mcp-server/test/bridge-config-env.test.js:26:10)\n    at Promise.then.completed (/Users/boqiangliang/project/7134-easy-mcp-server/node_modules/jest-circus/build/utils.js:298:28)\n    at new Promise (<anonymous>)\n    at callAsyncCircusFn (/Users/boqiangliang/project/7134-easy-mcp-server/node_modules/jest-circus/build/utils.js:231:10)\n    at _callCircusHook (/Users/boqiangliang/project/7134-easy-mcp-server/node_modules/jest-circus/build/run.js:281:40)\n    at _runTest (/Users/boqiangliang/project/7134-easy-mcp-server/node_modules/jest-circus/build/run.js:254:5)\n    at _runTestsForDescribeBlock (/Users/boqiangliang/project/7134-easy-mcp-server/node_modules/jest-circus/build/run.js:126:9)\n    at _runTestsForDescribeBlock (/Users/boqiangliang/project/7134-easy-mcp-server/node_modules/jest-circus/build/run.js:121:9)\n    at run (/Users/boqiangliang/project/7134-easy-mcp-server/node_modules/jest-circus/build/run.js:71:3)\n    at runAndTransformResultsToJestFormat (/Users/boqiangliang/project/7134-easy-mcp-server/node_modules/jest-circus/build/legacy-code-todo-rewrite/jestAdapterInit.js:122:21)\n    at jestAdapter (/Users/boqiangliang/project/7134-easy-mcp-server/node_modules/jest-circus/build/legacy-code-todo-rewrite/jestAdapter.js:79:19)\n    at runTestInternal (/Users/boqiangliang/project/7134-easy-mcp-server/node_modules/jest-runner/build/runTest.js:367:16)\n    at runTest (/Users/boqiangliang/project/7134-easy-mcp-server/node_modules/jest-runner/build/runTest.js:444:34)"],"fullName":"EASY_MCP_SERVER_BRIDGE_CONFIG_PATH Environment Variable should handle invalid JSON in custom config file","invocations":1,"location":null,"numPassingAsserts":0,"retryReasons":[],"status":"failed","title":"should handle invalid JSON in custom config file"},{"ancestorTitles":["EASY_MCP_SERVER_BRIDGE_CONFIG_PATH Environment Variable"],"duration":1,"failureDetails":[{"errno":-2,"code":"ENOENT","syscall":"unlink","path":"/Users/boqiangliang/project/7134-easy-mcp-server/test-bridge-config.json"},{"errno":-2,"code":"ENOENT","syscall":"unlink","path":"/Users/boqiangliang/project/7134-easy-mcp-server/test-bridge-config.json"}],"failureMessages":["Error: ENOENT: no such file or directory, unlink '/Users/boqiangliang/project/7134-easy-mcp-server/test-bridge-config.json'\n    at Object.unlinkSync (node:fs:1952:11)\n    at Object.<anonymous> (/Users/boqiangliang/project/7134-easy-mcp-server/test/bridge-config-env.test.js:12:10)\n    at Promise.then.completed (/Users/boqiangliang/project/7134-easy-mcp-server/node_modules/jest-circus/build/utils.js:298:28)\n    at new Promise (<anonymous>)\n    at callAsyncCircusFn (/Users/boqiangliang/project/7134-easy-mcp-server/node_modules/jest-circus/build/utils.js:231:10)\n    at _callCircusHook (/Users/boqiangliang/project/7134-easy-mcp-server/node_modules/jest-circus/build/run.js:281:40)\n    at _runTest (/Users/boqiangliang/project/7134-easy-mcp-server/node_modules/jest-circus/build/run.js:246:5)\n    at _runTestsForDescribeBlock (/Users/boqiangliang/project/7134-easy-mcp-server/node_modules/jest-circus/build/run.js:126:9)\n    at _runTestsForDescribeBlock (/Users/boqiangliang/project/7134-easy-mcp-server/node_modules/jest-circus/build/run.js:121:9)\n    at run (/Users/boqiangliang/project/7134-easy-mcp-server/node_modules/jest-circus/build/run.js:71:3)\n    at runAndTransformResultsToJestFormat (/Users/boqiangliang/project/7134-easy-mcp-server/node_modules/jest-circus/build/legacy-code-todo-rewrite/jestAdapterInit.js:122:21)\n    at jestAdapter (/Users/boqiangliang/project/7134-easy-mcp-server/node_modules/jest-circus/build/legacy-code-todo-rewrite/jestAdapter.js:79:19)\n    at runTestInternal (/Users/boqiangliang/project/7134-easy-mcp-server/node_modules/jest-runner/build/runTest.js:367:16)\n    at runTest (/Users/boqiangliang/project/7134-easy-mcp-server/node_modules/jest-runner/build/runTest.js:444:34)","Error: ENOENT: no such file or directory, unlink '/Users/boqiangliang/project/7134-easy-mcp-server/test-bridge-config.json'\n    at Object.unlinkSync (node:fs:1952:11)\n    at Object.<anonymous> (/Users/boqiangliang/project/7134-easy-mcp-server/test/bridge-config-env.test.js:26:10)\n    at Promise.then.completed (/Users/boqiangliang/project/7134-easy-mcp-server/node_modules/jest-circus/build/utils.js:298:28)\n    at new Promise (<anonymous>)\n    at callAsyncCircusFn (/Users/boqiangliang/project/7134-easy-mcp-server/node_modules/jest-circus/build/utils.js:231:10)\n    at _callCircusHook (/Users/boqiangliang/project/7134-easy-mcp-server/node_modules/jest-circus/build/run.js:281:40)\n    at _runTest (/Users/boqiangliang/project/7134-easy-mcp-server/node_modules/jest-circus/build/run.js:254:5)\n    at _runTestsForDescribeBlock (/Users/boqiangliang/project/7134-easy-mcp-server/node_modules/jest-circus/build/run.js:126:9)\n    at _runTestsForDescribeBlock (/Users/boqiangliang/project/7134-easy-mcp-server/node_modules/jest-circus/build/run.js:121:9)\n    at run (/Users/boqiangliang/project/7134-easy-mcp-server/node_modules/jest-circus/build/run.js:71:3)\n    at runAndTransformResultsToJestFormat (/Users/boqiangliang/project/7134-easy-mcp-server/node_modules/jest-circus/build/legacy-code-todo-rewrite/jestAdapterInit.js:122:21)\n    at jestAdapter (/Users/boqiangliang/project/7134-easy-mcp-server/node_modules/jest-circus/build/legacy-code-todo-rewrite/jestAdapter.js:79:19)\n    at runTestInternal (/Users/boqiangliang/project/7134-easy-mcp-server/node_modules/jest-runner/build/runTest.js:367:16)\n    at runTest (/Users/boqiangliang/project/7134-easy-mcp-server/node_modules/jest-runner/build/runTest.js:444:34)"],"fullName":"EASY_MCP_SERVER_BRIDGE_CONFIG_PATH Environment Variable should not override environment variable when configFile is not provided","invocations":1,"location":null,"numPassingAsserts":0,"retryReasons":[],"status":"failed","title":"should not override environment variable when configFile is not provided"},{"ancestorTitles":["EASY_MCP_SERVER_BRIDGE_CONFIG_PATH Environment Variable"],"duration":1,"failureDetails":[{"errno":-2,"code":"ENOENT","syscall":"unlink","path":"/Users/boqiangliang/project/7134-easy-mcp-server/test-bridge-config.json"},{"errno":-2,"code":"ENOENT","syscall":"unlink","path":"/Users/boqiangliang/project/7134-easy-mcp-server/test-bridge-config.json"}],"failureMessages":["Error: ENOENT: no such file or directory, unlink '/Users/boqiangliang/project/7134-easy-mcp-server/test-bridge-config.json'\n    at Object.unlinkSync (node:fs:1952:11)\n    at Object.<anonymous> (/Users/boqiangliang/project/7134-easy-mcp-server/test/bridge-config-env.test.js:12:10)\n    at Promise.then.completed (/Users/boqiangliang/project/7134-easy-mcp-server/node_modules/jest-circus/build/utils.js:298:28)\n    at new Promise (<anonymous>)\n    at callAsyncCircusFn (/Users/boqiangliang/project/7134-easy-mcp-server/node_modules/jest-circus/build/utils.js:231:10)\n    at _callCircusHook (/Users/boqiangliang/project/7134-easy-mcp-server/node_modules/jest-circus/build/run.js:281:40)\n    at _runTest (/Users/boqiangliang/project/7134-easy-mcp-server/node_modules/jest-circus/build/run.js:246:5)\n    at _runTestsForDescribeBlock (/Users/boqiangliang/project/7134-easy-mcp-server/node_modules/jest-circus/build/run.js:126:9)\n    at _runTestsForDescribeBlock (/Users/boqiangliang/project/7134-easy-mcp-server/node_modules/jest-circus/build/run.js:121:9)\n    at run (/Users/boqiangliang/project/7134-easy-mcp-server/node_modules/jest-circus/build/run.js:71:3)\n    at runAndTransformResultsToJestFormat (/Users/boqiangliang/project/7134-easy-mcp-server/node_modules/jest-circus/build/legacy-code-todo-rewrite/jestAdapterInit.js:122:21)\n    at jestAdapter (/Users/boqiangliang/project/7134-easy-mcp-server/node_modules/jest-circus/build/legacy-code-todo-rewrite/jestAdapter.js:79:19)\n    at runTestInternal (/Users/boqiangliang/project/7134-easy-mcp-server/node_modules/jest-runner/build/runTest.js:367:16)\n    at runTest (/Users/boqiangliang/project/7134-easy-mcp-server/node_modules/jest-runner/build/runTest.js:444:34)","Error: ENOENT: no such file or directory, unlink '/Users/boqiangliang/project/7134-easy-mcp-server/test-bridge-config.json'\n    at Object.unlinkSync (node:fs:1952:11)\n    at Object.<anonymous> (/Users/boqiangliang/project/7134-easy-mcp-server/test/bridge-config-env.test.js:26:10)\n    at Promise.then.completed (/Users/boqiangliang/project/7134-easy-mcp-server/node_modules/jest-circus/build/utils.js:298:28)\n    at new Promise (<anonymous>)\n    at callAsyncCircusFn (/Users/boqiangliang/project/7134-easy-mcp-server/node_modules/jest-circus/build/utils.js:231:10)\n    at _callCircusHook (/Users/boqiangliang/project/7134-easy-mcp-server/node_modules/jest-circus/build/run.js:281:40)\n    at _runTest (/Users/boqiangliang/project/7134-easy-mcp-server/node_modules/jest-circus/build/run.js:254:5)\n    at _runTestsForDescribeBlock (/Users/boqiangliang/project/7134-easy-mcp-server/node_modules/jest-circus/build/run.js:126:9)\n    at _runTestsForDescribeBlock (/Users/boqiangliang/project/7134-easy-mcp-server/node_modules/jest-circus/build/run.js:121:9)\n    at run (/Users/boqiangliang/project/7134-easy-mcp-server/node_modules/jest-circus/build/run.js:71:3)\n    at runAndTransformResultsToJestFormat (/Users/boqiangliang/project/7134-easy-mcp-server/node_modules/jest-circus/build/legacy-code-todo-rewrite/jestAdapterInit.js:122:21)\n    at jestAdapter (/Users/boqiangliang/project/7134-easy-mcp-server/node_modules/jest-circus/build/legacy-code-todo-rewrite/jestAdapter.js:79:19)\n    at runTestInternal (/Users/boqiangliang/project/7134-easy-mcp-server/node_modules/jest-runner/build/runTest.js:367:16)\n    at runTest (/Users/boqiangliang/project/7134-easy-mcp-server/node_modules/jest-runner/build/runTest.js:444:34)"],"fullName":"EASY_MCP_SERVER_BRIDGE_CONFIG_PATH Environment Variable should use default when environment variable is empty string","invocations":1,"location":null,"numPassingAsserts":0,"retryReasons":[],"status":"failed","title":"should use default when environment variable is empty string"}],"endTime":1761890899670,"message":"  ● EASY_MCP_SERVER_BRIDGE_CONFIG_PATH Environment Variable › should use default config file when environment variable is not set\n\n    ENOENT: no such file or directory, unlink '/Users/boqiangliang/project/7134-easy-mcp-server/test-bridge-config.json'\n\n      10 |     // Clean up any existing test config\n      11 |     if (fs.existsSync(testConfigPath)) {\n    > 12 |       fs.unlinkSync(testConfigPath);\n         |          ^\n      13 |     }\n      14 |   });\n      15 |\n\n      at Object.<anonymous> (test/bridge-config-env.test.js:12:10)\n\n  ● EASY_MCP_SERVER_BRIDGE_CONFIG_PATH Environment Variable › should use default config file when environment variable is not set\n\n    ENOENT: no such file or directory, unlink '/Users/boqiangliang/project/7134-easy-mcp-server/test-bridge-config.json'\n\n      24 |     // Clean up test config\n      25 |     if (fs.existsSync(testConfigPath)) {\n    > 26 |       fs.unlinkSync(testConfigPath);\n         |          ^\n      27 |     }\n      28 |   });\n      29 |\n\n      at Object.<anonymous> (test/bridge-config-env.test.js:26:10)\n\n  ● EASY_MCP_SERVER_BRIDGE_CONFIG_PATH Environment Variable › should use custom config file when environment variable is set\n\n    ENOENT: no such file or directory, unlink '/Users/boqiangliang/project/7134-easy-mcp-server/test-bridge-config.json'\n\n      10 |     // Clean up any existing test config\n      11 |     if (fs.existsSync(testConfigPath)) {\n    > 12 |       fs.unlinkSync(testConfigPath);\n         |          ^\n      13 |     }\n      14 |   });\n      15 |\n\n      at Object.<anonymous> (test/bridge-config-env.test.js:12:10)\n\n  ● EASY_MCP_SERVER_BRIDGE_CONFIG_PATH Environment Variable › should use custom config file when environment variable is set\n\n    ENOENT: no such file or directory, unlink '/Users/boqiangliang/project/7134-easy-mcp-server/test-bridge-config.json'\n\n      24 |     // Clean up test config\n      25 |     if (fs.existsSync(testConfigPath)) {\n    > 26 |       fs.unlinkSync(testConfigPath);\n         |          ^\n      27 |     }\n      28 |   });\n      29 |\n\n      at Object.<anonymous> (test/bridge-config-env.test.js:26:10)\n\n  ● EASY_MCP_SERVER_BRIDGE_CONFIG_PATH Environment Variable › should load custom config file when environment variable is set\n\n    ENOENT: no such file or directory, unlink '/Users/boqiangliang/project/7134-easy-mcp-server/test-bridge-config.json'\n\n      10 |     // Clean up any existing test config\n      11 |     if (fs.existsSync(testConfigPath)) {\n    > 12 |       fs.unlinkSync(testConfigPath);\n         |          ^\n      13 |     }\n      14 |   });\n      15 |\n\n      at Object.<anonymous> (test/bridge-config-env.test.js:12:10)\n\n  ● EASY_MCP_SERVER_BRIDGE_CONFIG_PATH Environment Variable › should load custom config file when environment variable is set\n\n    ENOENT: no such file or directory, unlink '/Users/boqiangliang/project/7134-easy-mcp-server/test-bridge-config.json'\n\n      24 |     // Clean up test config\n      25 |     if (fs.existsSync(testConfigPath)) {\n    > 26 |       fs.unlinkSync(testConfigPath);\n         |          ^\n      27 |     }\n      28 |   });\n      29 |\n\n      at Object.<anonymous> (test/bridge-config-env.test.js:26:10)\n\n  ● EASY_MCP_SERVER_BRIDGE_CONFIG_PATH Environment Variable › should resolve servers from custom config file\n\n    ENOENT: no such file or directory, unlink '/Users/boqiangliang/project/7134-easy-mcp-server/test-bridge-config.json'\n\n      10 |     // Clean up any existing test config\n      11 |     if (fs.existsSync(testConfigPath)) {\n    > 12 |       fs.unlinkSync(testConfigPath);\n         |          ^\n      13 |     }\n      14 |   });\n      15 |\n\n      at Object.<anonymous> (test/bridge-config-env.test.js:12:10)\n\n  ● EASY_MCP_SERVER_BRIDGE_CONFIG_PATH Environment Variable › should resolve servers from custom config file\n\n    ENOENT: no such file or directory, unlink '/Users/boqiangliang/project/7134-easy-mcp-server/test-bridge-config.json'\n\n      24 |     // Clean up test config\n      25 |     if (fs.existsSync(testConfigPath)) {\n    > 26 |       fs.unlinkSync(testConfigPath);\n         |          ^\n      27 |     }\n      28 |   });\n      29 |\n\n      at Object.<anonymous> (test/bridge-config-env.test.js:26:10)\n\n  ● EASY_MCP_SERVER_BRIDGE_CONFIG_PATH Environment Variable › should handle non-existent custom config file gracefully\n\n    ENOENT: no such file or directory, unlink '/Users/boqiangliang/project/7134-easy-mcp-server/test-bridge-config.json'\n\n      10 |     // Clean up any existing test config\n      11 |     if (fs.existsSync(testConfigPath)) {\n    > 12 |       fs.unlinkSync(testConfigPath);\n         |          ^\n      13 |     }\n      14 |   });\n      15 |\n\n      at Object.<anonymous> (test/bridge-config-env.test.js:12:10)\n\n  ● EASY_MCP_SERVER_BRIDGE_CONFIG_PATH Environment Variable › should handle non-existent custom config file gracefully\n\n    ENOENT: no such file or directory, unlink '/Users/boqiangliang/project/7134-easy-mcp-server/test-bridge-config.json'\n\n      24 |     // Clean up test config\n      25 |     if (fs.existsSync(testConfigPath)) {\n    > 26 |       fs.unlinkSync(testConfigPath);\n         |          ^\n      27 |     }\n      28 |   });\n      29 |\n\n      at Object.<anonymous> (test/bridge-config-env.test.js:26:10)\n\n  ● EASY_MCP_SERVER_BRIDGE_CONFIG_PATH Environment Variable › should handle invalid JSON in custom config file\n\n    ENOENT: no such file or directory, unlink '/Users/boqiangliang/project/7134-easy-mcp-server/test-bridge-config.json'\n\n      10 |     // Clean up any existing test config\n      11 |     if (fs.existsSync(testConfigPath)) {\n    > 12 |       fs.unlinkSync(testConfigPath);\n         |          ^\n      13 |     }\n      14 |   });\n      15 |\n\n      at Object.<anonymous> (test/bridge-config-env.test.js:12:10)\n\n  ● EASY_MCP_SERVER_BRIDGE_CONFIG_PATH Environment Variable › should handle invalid JSON in custom config file\n\n    ENOENT: no such file or directory, unlink '/Users/boqiangliang/project/7134-easy-mcp-server/test-bridge-config.json'\n\n      24 |     // Clean up test config\n      25 |     if (fs.existsSync(testConfigPath)) {\n    > 26 |       fs.unlinkSync(testConfigPath);\n         |          ^\n      27 |     }\n      28 |   });\n      29 |\n\n      at Object.<anonymous> (test/bridge-config-env.test.js:26:10)\n\n  ● EASY_MCP_SERVER_BRIDGE_CONFIG_PATH Environment Variable › should not override environment variable when configFile is not provided\n\n    ENOENT: no such file or directory, unlink '/Users/boqiangliang/project/7134-easy-mcp-server/test-bridge-config.json'\n\n      10 |     // Clean up any existing test config\n      11 |     if (fs.existsSync(testConfigPath)) {\n    > 12 |       fs.unlinkSync(testConfigPath);\n         |          ^\n      13 |     }\n      14 |   });\n      15 |\n\n      at Object.<anonymous> (test/bridge-config-env.test.js:12:10)\n\n  ● EASY_MCP_SERVER_BRIDGE_CONFIG_PATH Environment Variable › should not override environment variable when configFile is not provided\n\n    ENOENT: no such file or directory, unlink '/Users/boqiangliang/project/7134-easy-mcp-server/test-bridge-config.json'\n\n      24 |     // Clean up test config\n      25 |     if (fs.existsSync(testConfigPath)) {\n    > 26 |       fs.unlinkSync(testConfigPath);\n         |          ^\n      27 |     }\n      28 |   });\n      29 |\n\n      at Object.<anonymous> (test/bridge-config-env.test.js:26:10)\n\n  ● EASY_MCP_SERVER_BRIDGE_CONFIG_PATH Environment Variable › should use default when environment variable is empty string\n\n    ENOENT: no such file or directory, unlink '/Users/boqiangliang/project/7134-easy-mcp-server/test-bridge-config.json'\n\n      10 |     // Clean up any existing test config\n      11 |     if (fs.existsSync(testConfigPath)) {\n    > 12 |       fs.unlinkSync(testConfigPath);\n         |          ^\n      13 |     }\n      14 |   });\n      15 |\n\n      at Object.<anonymous> (test/bridge-config-env.test.js:12:10)\n\n  ● EASY_MCP_SERVER_BRIDGE_CONFIG_PATH Environment Variable › should use default when environment variable is empty string\n\n    ENOENT: no such file or directory, unlink '/Users/boqiangliang/project/7134-easy-mcp-server/test-bridge-config.json'\n\n      24 |     // Clean up test config\n      25 |     if (fs.existsSync(testConfigPath)) {\n    > 26 |       fs.unlinkSync(testConfigPath);\n         |          ^\n      27 |     }\n      28 |   });\n      29 |\n\n      at Object.<anonymous> (test/bridge-config-env.test.js:26:10)\n","name":"/Users/boqiangliang/project/7134-easy-mcp-server/test/bridge-config-env.test.js","startTime":1761890898623,"status":"failed","summary":""}],"wasInterrupted":false}
