{"numFailedTestSuites":0,"numFailedTests":0,"numPassedTestSuites":53,"numPassedTests":523,"numPendingTestSuites":0,"numPendingTests":6,"numRuntimeErrorTestSuites":0,"numTodoTests":0,"numTotalTestSuites":53,"numTotalTests":529,"openHandles":[],"snapshot":{"added":0,"didUpdate":false,"failure":false,"filesAdded":0,"filesRemoved":0,"filesRemovedList":[],"filesUnmatched":0,"filesUpdated":0,"matched":0,"total":0,"unchecked":0,"uncheckedKeysByFile":[],"unmatched":0,"updated":0},"startTime":1762033184140,"success":true,"testResults":[{"assertionResults":[{"ancestorTitles":["Hot Reload with Package Installation"],"duration":8178,"failureDetails":[],"failureMessages":[],"fullName":"Hot Reload with Package Installation should detect and install missing packages during hot reload","invocations":1,"location":null,"numPassingAsserts":1,"retryReasons":[],"status":"passed","title":"should detect and install missing packages during hot reload"},{"ancestorTitles":["Hot Reload with Package Installation"],"duration":8072,"failureDetails":[],"failureMessages":[],"fullName":"Hot Reload with Package Installation should handle multiple package dependencies","invocations":1,"location":null,"numPassingAsserts":1,"retryReasons":[],"status":"passed","title":"should handle multiple package dependencies"},{"ancestorTitles":["Hot Reload with Package Installation"],"duration":3084,"failureDetails":[],"failureMessages":[],"fullName":"Hot Reload with Package Installation should skip package installation when auto-install is disabled","invocations":1,"location":null,"numPassingAsserts":2,"retryReasons":[],"status":"passed","title":"should skip package installation when auto-install is disabled"}],"endTime":1762033204624,"message":"","name":"/Users/boqiangliang/project/7134-easy-mcp-server/test/hot-reload-package-install.test.js","startTime":1762033184242,"status":"passed","summary":""},{"assertionResults":[{"ancestorTitles":["Auto npm Install"],"duration":5083,"failureDetails":[],"failureMessages":[],"fullName":"Auto npm Install should run npm install when package.json exists","invocations":1,"location":null,"numPassingAsserts":1,"retryReasons":[],"status":"passed","title":"should run npm install when package.json exists"},{"ancestorTitles":["Auto npm Install"],"duration":3019,"failureDetails":[],"failureMessages":[],"fullName":"Auto npm Install should skip npm install when package.json does not exist","invocations":1,"location":null,"numPassingAsserts":1,"retryReasons":[],"status":"passed","title":"should skip npm install when package.json does not exist"},{"ancestorTitles":["Auto npm Install"],"duration":8027,"failureDetails":[],"failureMessages":[],"fullName":"Auto npm Install should continue server startup even if npm install fails","invocations":1,"location":null,"numPassingAsserts":1,"retryReasons":[],"status":"passed","title":"should continue server startup even if npm install fails"}],"endTime":1762033221795,"message":"","name":"/Users/boqiangliang/project/7134-easy-mcp-server/test/auto-install.test.js","startTime":1762033204641,"status":"passed","summary":""},{"assertionResults":[{"ancestorTitles":["Port Configuration"],"duration":3014,"failureDetails":[],"failureMessages":[],"fullName":"Port Configuration should use default ports when no configuration provided","invocations":1,"location":null,"numPassingAsserts":1,"retryReasons":[],"status":"passed","title":"should use default ports when no configuration provided"},{"ancestorTitles":["Port Configuration"],"duration":3025,"failureDetails":[],"failureMessages":[],"fullName":"Port Configuration should use CLI port arguments","invocations":1,"location":null,"numPassingAsserts":1,"retryReasons":[],"status":"passed","title":"should use CLI port arguments"},{"ancestorTitles":["Port Configuration"],"duration":3034,"failureDetails":[],"failureMessages":[],"fullName":"Port Configuration should use EASY_MCP_SERVER_PORT environment variables for port configuration","invocations":1,"location":null,"numPassingAsserts":2,"retryReasons":[],"status":"passed","title":"should use EASY_MCP_SERVER_PORT environment variables for port configuration"},{"ancestorTitles":["Port Configuration"],"duration":3016,"failureDetails":[],"failureMessages":[],"fullName":"Port Configuration should use fallback environment variables for port configuration","invocations":1,"location":null,"numPassingAsserts":2,"retryReasons":[],"status":"passed","title":"should use fallback environment variables for port configuration"},{"ancestorTitles":["Port Configuration"],"duration":3020,"failureDetails":[],"failureMessages":[],"fullName":"Port Configuration should prioritize CLI arguments over environment variables","invocations":1,"location":null,"numPassingAsserts":1,"retryReasons":[],"status":"passed","title":"should prioritize CLI arguments over environment variables"}],"endTime":1762033237971,"message":"","name":"/Users/boqiangliang/project/7134-easy-mcp-server/test/port-configuration.test.js","startTime":1762033221806,"status":"passed","summary":""},{"assertionResults":[{"ancestorTitles":["Environment File Loading"],"duration":3021,"failureDetails":[],"failureMessages":[],"fullName":"Environment File Loading should load .env file from user directory","invocations":1,"location":null,"numPassingAsserts":1,"retryReasons":[],"status":"passed","title":"should load .env file from user directory"},{"ancestorTitles":["Environment File Loading"],"duration":3025,"failureDetails":[],"failureMessages":[],"fullName":"Environment File Loading should load multiple .env files in correct order","invocations":1,"location":null,"numPassingAsserts":3,"retryReasons":[],"status":"passed","title":"should load multiple .env files in correct order"},{"ancestorTitles":["Environment File Loading"],"duration":3013,"failureDetails":[],"failureMessages":[],"fullName":"Environment File Loading should handle missing .env files gracefully","invocations":1,"location":null,"numPassingAsserts":1,"retryReasons":[],"status":"passed","title":"should handle missing .env files gracefully"}],"endTime":1762033248088,"message":"","name":"/Users/boqiangliang/project/7134-easy-mcp-server/test/env-loading.test.js","startTime":1762033237978,"status":"passed","summary":""},{"assertionResults":[{"ancestorTitles":["Error Handling Improvements","Port Conflict Handling"],"duration":4010,"failureDetails":[],"failureMessages":[],"fullName":"Error Handling Improvements Port Conflict Handling should fail gracefully when port is already in use","invocations":1,"location":null,"numPassingAsserts":2,"retryReasons":[],"status":"passed","title":"should fail gracefully when port is already in use"},{"ancestorTitles":["Error Handling Improvements","API Loading Error Handling"],"duration":35,"failureDetails":[],"failureMessages":[],"fullName":"Error Handling Improvements API Loading Error Handling should continue server startup with API loading errors","invocations":1,"location":null,"numPassingAsserts":7,"retryReasons":[],"status":"passed","title":"should continue server startup with API loading errors"},{"ancestorTitles":["Error Handling Improvements","API Loading Error Handling"],"duration":12,"failureDetails":[],"failureMessages":[],"fullName":"Error Handling Improvements API Loading Error Handling should categorize different types of errors","invocations":1,"location":null,"numPassingAsserts":3,"retryReasons":[],"status":"passed","title":"should categorize different types of errors"},{"ancestorTitles":["Error Handling Improvements","API Loading Error Handling"],"duration":6,"failureDetails":[],"failureMessages":[],"fullName":"Error Handling Improvements API Loading Error Handling should provide helpful error messages","invocations":1,"location":null,"numPassingAsserts":3,"retryReasons":[],"status":"passed","title":"should provide helpful error messages"},{"ancestorTitles":["Error Handling Improvements","Server Error Recovery"],"duration":3012,"failureDetails":[],"failureMessages":[],"fullName":"Error Handling Improvements Server Error Recovery should start server even with API loading errors","invocations":1,"location":null,"numPassingAsserts":1,"retryReasons":[],"status":"passed","title":"should start server even with API loading errors"}],"endTime":1762033256355,"message":"","name":"/Users/boqiangliang/project/7134-easy-mcp-server/test/error-handling.test.js","startTime":1762033248101,"status":"passed","summary":""},{"assertionResults":[{"ancestorTitles":["MCP Server Hot Reload CRUD Operations","Prompts CRUD Operations"],"duration":1011,"failureDetails":[],"failureMessages":[],"fullName":"MCP Server Hot Reload CRUD Operations Prompts CRUD Operations should CREATE new prompt file and load it via hot reload","invocations":1,"location":null,"numPassingAsserts":7,"retryReasons":[],"status":"passed","title":"should CREATE new prompt file and load it via hot reload"},{"ancestorTitles":["MCP Server Hot Reload CRUD Operations","Prompts CRUD Operations"],"duration":408,"failureDetails":[],"failureMessages":[],"fullName":"MCP Server Hot Reload CRUD Operations Prompts CRUD Operations should UPDATE existing prompt file and reload it via hot reload","invocations":1,"location":null,"numPassingAsserts":10,"retryReasons":[],"status":"passed","title":"should UPDATE existing prompt file and reload it via hot reload"},{"ancestorTitles":["MCP Server Hot Reload CRUD Operations","Prompts CRUD Operations"],"duration":406,"failureDetails":[],"failureMessages":[],"fullName":"MCP Server Hot Reload CRUD Operations Prompts CRUD Operations should DELETE prompt file and remove it via hot reload","invocations":1,"location":null,"numPassingAsserts":2,"retryReasons":[],"status":"passed","title":"should DELETE prompt file and remove it via hot reload"},{"ancestorTitles":["MCP Server Hot Reload CRUD Operations","Prompts CRUD Operations"],"duration":504,"failureDetails":[],"failureMessages":[],"fullName":"MCP Server Hot Reload CRUD Operations Prompts CRUD Operations should handle nested directory structure for prompts","invocations":1,"location":null,"numPassingAsserts":3,"retryReasons":[],"status":"passed","title":"should handle nested directory structure for prompts"},{"ancestorTitles":["MCP Server Hot Reload CRUD Operations","Resources CRUD Operations"],"duration":1007,"failureDetails":[],"failureMessages":[],"fullName":"MCP Server Hot Reload CRUD Operations Resources CRUD Operations should CREATE new resource file and load it via hot reload","invocations":1,"location":null,"numPassingAsserts":5,"retryReasons":[],"status":"passed","title":"should CREATE new resource file and load it via hot reload"},{"ancestorTitles":["MCP Server Hot Reload CRUD Operations","Resources CRUD Operations"],"duration":406,"failureDetails":[],"failureMessages":[],"fullName":"MCP Server Hot Reload CRUD Operations Resources CRUD Operations should UPDATE existing resource file and reload it via hot reload","invocations":1,"location":null,"numPassingAsserts":6,"retryReasons":[],"status":"passed","title":"should UPDATE existing resource file and reload it via hot reload"},{"ancestorTitles":["MCP Server Hot Reload CRUD Operations","Resources CRUD Operations"],"duration":408,"failureDetails":[],"failureMessages":[],"fullName":"MCP Server Hot Reload CRUD Operations Resources CRUD Operations should DELETE resource file and remove it via hot reload","invocations":1,"location":null,"numPassingAsserts":2,"retryReasons":[],"status":"passed","title":"should DELETE resource file and remove it via hot reload"},{"ancestorTitles":["MCP Server Hot Reload CRUD Operations","Resources CRUD Operations"],"duration":210,"failureDetails":[],"failureMessages":[],"fullName":"MCP Server Hot Reload CRUD Operations Resources CRUD Operations should handle nested directory structure for resources","invocations":1,"location":null,"numPassingAsserts":3,"retryReasons":[],"status":"passed","title":"should handle nested directory structure for resources"},{"ancestorTitles":["MCP Server Hot Reload CRUD Operations","Resources CRUD Operations"],"duration":204,"failureDetails":[],"failureMessages":[],"fullName":"MCP Server Hot Reload CRUD Operations Resources CRUD Operations should handle JSON resource files","invocations":1,"location":null,"numPassingAsserts":4,"retryReasons":[],"status":"passed","title":"should handle JSON resource files"},{"ancestorTitles":["MCP Server Hot Reload CRUD Operations","Mixed CRUD Operations"],"duration":562,"failureDetails":[],"failureMessages":[],"fullName":"MCP Server Hot Reload CRUD Operations Mixed CRUD Operations should handle multiple simultaneous changes","invocations":1,"location":null,"numPassingAsserts":8,"retryReasons":[],"status":"passed","title":"should handle multiple simultaneous changes"},{"ancestorTitles":["MCP Server Hot Reload CRUD Operations","Error Handling"],"duration":203,"failureDetails":[],"failureMessages":[],"fullName":"MCP Server Hot Reload CRUD Operations Error Handling should handle invalid file formats gracefully","invocations":1,"location":null,"numPassingAsserts":3,"retryReasons":[],"status":"passed","title":"should handle invalid file formats gracefully"},{"ancestorTitles":["MCP Server Hot Reload CRUD Operations","Error Handling"],"duration":205,"failureDetails":[],"failureMessages":[],"fullName":"MCP Server Hot Reload CRUD Operations Error Handling should handle malformed JSON gracefully","invocations":1,"location":null,"numPassingAsserts":3,"retryReasons":[],"status":"passed","title":"should handle malformed JSON gracefully"}],"endTime":1762033263984,"message":"","name":"/Users/boqiangliang/project/7134-easy-mcp-server/test/mcp-hot-reload-crud.test.js","startTime":1762033256364,"status":"passed","summary":""},{"assertionResults":[{"ancestorTitles":["HotReloader","Constructor and Initialization"],"duration":205,"failureDetails":[],"failureMessages":[],"fullName":"HotReloader Constructor and Initialization should initialize with dependencies","invocations":1,"location":null,"numPassingAsserts":4,"retryReasons":[],"status":"passed","title":"should initialize with dependencies"},{"ancestorTitles":["HotReloader","Constructor and Initialization"],"duration":209,"failureDetails":[],"failureMessages":[],"fullName":"HotReloader Constructor and Initialization should handle different dependency instances","invocations":1,"location":null,"numPassingAsserts":2,"retryReasons":[],"status":"passed","title":"should handle different dependency instances"},{"ancestorTitles":["HotReloader","startWatching"],"duration":214,"failureDetails":[],"failureMessages":[],"fullName":"HotReloader startWatching should start file watching successfully","invocations":1,"location":null,"numPassingAsserts":3,"retryReasons":[],"status":"passed","title":"should start file watching successfully"},{"ancestorTitles":["HotReloader","startWatching"],"duration":211,"failureDetails":[],"failureMessages":[],"fullName":"HotReloader startWatching should set up file change event handlers","invocations":1,"location":null,"numPassingAsserts":3,"retryReasons":[],"status":"passed","title":"should set up file change event handlers"},{"ancestorTitles":["HotReloader","startWatching"],"duration":218,"failureDetails":[],"failureMessages":[],"fullName":"HotReloader startWatching should handle chokidar initialization errors gracefully","invocations":1,"location":null,"numPassingAsserts":1,"retryReasons":[],"status":"passed","title":"should handle chokidar initialization errors gracefully"},{"ancestorTitles":["HotReloader","stopWatching"],"duration":263,"failureDetails":[],"failureMessages":[],"fullName":"HotReloader stopWatching should stop watching and clean up resources","invocations":1,"location":null,"numPassingAsserts":4,"retryReasons":[],"status":"passed","title":"should stop watching and clean up resources"},{"ancestorTitles":["HotReloader","stopWatching"],"duration":206,"failureDetails":[],"failureMessages":[],"fullName":"HotReloader stopWatching should handle stopping when not watching","invocations":1,"location":null,"numPassingAsserts":2,"retryReasons":[],"status":"passed","title":"should handle stopping when not watching"},{"ancestorTitles":["HotReloader","File Change Handling"],"duration":207,"failureDetails":[],"failureMessages":[],"fullName":"HotReloader File Change Handling should queue file changes for processing","invocations":1,"location":null,"numPassingAsserts":2,"retryReasons":[],"status":"passed","title":"should queue file changes for processing"},{"ancestorTitles":["HotReloader","File Change Handling"],"duration":521,"failureDetails":[],"failureMessages":[],"fullName":"HotReloader File Change Handling should debounce multiple file changes","invocations":1,"location":null,"numPassingAsserts":2,"retryReasons":[],"status":"passed","title":"should debounce multiple file changes"},{"ancestorTitles":["HotReloader","processReloadQueue"],"duration":318,"failureDetails":[],"failureMessages":[],"fullName":"HotReloader processReloadQueue should process reload queue successfully","invocations":1,"location":null,"numPassingAsserts":4,"retryReasons":[],"status":"passed","title":"should process reload queue successfully"},{"ancestorTitles":["HotReloader","processReloadQueue"],"duration":311,"failureDetails":[],"failureMessages":[],"fullName":"HotReloader processReloadQueue should handle reload errors gracefully","invocations":1,"location":null,"numPassingAsserts":1,"retryReasons":[],"status":"passed","title":"should handle reload errors gracefully"},{"ancestorTitles":["HotReloader","processReloadQueue"],"duration":309,"failureDetails":[],"failureMessages":[],"fullName":"HotReloader processReloadQueue should handle MCP server errors gracefully","invocations":1,"location":null,"numPassingAsserts":1,"retryReasons":[],"status":"passed","title":"should handle MCP server errors gracefully"},{"ancestorTitles":["HotReloader","Configuration"],"duration":205,"failureDetails":[],"failureMessages":[],"fullName":"HotReloader Configuration should set debounce delay","invocations":1,"location":null,"numPassingAsserts":1,"retryReasons":[],"status":"passed","title":"should set debounce delay"},{"ancestorTitles":["HotReloader","Configuration"],"duration":205,"failureDetails":[],"failureMessages":[],"fullName":"HotReloader Configuration should enforce minimum debounce delay","invocations":1,"location":null,"numPassingAsserts":1,"retryReasons":[],"status":"passed","title":"should enforce minimum debounce delay"},{"ancestorTitles":["HotReloader","Status and Information"],"duration":210,"failureDetails":[],"failureMessages":[],"fullName":"HotReloader Status and Information should return correct watching status","invocations":1,"location":null,"numPassingAsserts":2,"retryReasons":[],"status":"passed","title":"should return correct watching status"},{"ancestorTitles":["HotReloader","Status and Information"],"duration":209,"failureDetails":[],"failureMessages":[],"fullName":"HotReloader Status and Information should return current queue","invocations":1,"location":null,"numPassingAsserts":3,"retryReasons":[],"status":"passed","title":"should return current queue"}],"endTime":1762033269053,"message":"","name":"/Users/boqiangliang/project/7134-easy-mcp-server/test/hot-reloader.test.js","startTime":1762033263991,"status":"passed","summary":""},{"assertionResults":[{"ancestorTitles":["Environment Hot Reload"],"duration":3049,"failureDetails":[],"failureMessages":[],"fullName":"Environment Hot Reload should detect .env file changes and reload environment variables","invocations":1,"location":null,"numPassingAsserts":0,"retryReasons":[],"status":"passed","title":"should detect .env file changes and reload environment variables"},{"ancestorTitles":["Environment Hot Reload"],"duration":null,"failureDetails":[],"failureMessages":[],"fullName":"Environment Hot Reload should handle multiple .env files in priority order","invocations":1,"location":null,"numPassingAsserts":0,"retryReasons":[],"status":"pending","title":"should handle multiple .env files in priority order"},{"ancestorTitles":["Environment Hot Reload"],"duration":null,"failureDetails":[],"failureMessages":[],"fullName":"Environment Hot Reload should handle missing .env files gracefully","invocations":1,"location":null,"numPassingAsserts":0,"retryReasons":[],"status":"pending","title":"should handle missing .env files gracefully"}],"endTime":1762033274143,"message":"","name":"/Users/boqiangliang/project/7134-easy-mcp-server/test/env-hot-reload.test.js","startTime":1762033269062,"status":"focused","summary":""},{"assertionResults":[{"ancestorTitles":["CLI Static File Serving"],"duration":3111,"failureDetails":[],"failureMessages":[],"fullName":"CLI Static File Serving should configure static dir to user's public directory (via logs)","invocations":1,"location":null,"numPassingAsserts":3,"retryReasons":[],"status":"passed","title":"should configure static dir to user's public directory (via logs)"}],"endTime":1762033278289,"message":"","name":"/Users/boqiangliang/project/7134-easy-mcp-server/test/static-file-serving-cli.test.js","startTime":1762033274151,"status":"passed","summary":""},{"assertionResults":[{"ancestorTitles":["MCP SSE Notifications"],"duration":813,"failureDetails":[],"failureMessages":[],"fullName":"MCP SSE Notifications receives promptsChanged on prompt file write","invocations":1,"location":null,"numPassingAsserts":3,"retryReasons":[],"status":"passed","title":"receives promptsChanged on prompt file write"},{"ancestorTitles":["MCP SSE Notifications"],"duration":817,"failureDetails":[],"failureMessages":[],"fullName":"MCP SSE Notifications receives resourcesChanged on resource file write","invocations":1,"location":null,"numPassingAsserts":3,"retryReasons":[],"status":"passed","title":"receives resourcesChanged on resource file write"},{"ancestorTitles":["MCP SSE Notifications"],"duration":312,"failureDetails":[],"failureMessages":[],"fullName":"MCP SSE Notifications receives toolsChanged on setRoutes","invocations":1,"location":null,"numPassingAsserts":2,"retryReasons":[],"status":"passed","title":"receives toolsChanged on setRoutes"}],"endTime":1762033281797,"message":"","name":"/Users/boqiangliang/project/7134-easy-mcp-server/test/mcp-sse-notifications.test.js","startTime":1762033278301,"status":"passed","summary":""},{"assertionResults":[{"ancestorTitles":["BaseAPI Class","Core Functionality"],"duration":58,"failureDetails":[],"failureMessages":[],"fullName":"BaseAPI Class Core Functionality should be instantiable","invocations":1,"location":null,"numPassingAsserts":3,"retryReasons":[],"status":"passed","title":"should be instantiable"},{"ancestorTitles":["BaseAPI Class","Core Functionality"],"duration":52,"failureDetails":[],"failureMessages":[],"fullName":"BaseAPI Class Core Functionality should have required methods","invocations":1,"location":null,"numPassingAsserts":2,"retryReasons":[],"status":"passed","title":"should have required methods"},{"ancestorTitles":["BaseAPI Class","Core Functionality"],"duration":53,"failureDetails":[],"failureMessages":[],"fullName":"BaseAPI Class Core Functionality should throw error when process is not implemented","invocations":1,"location":null,"numPassingAsserts":1,"retryReasons":[],"status":"passed","title":"should throw error when process is not implemented"},{"ancestorTitles":["BaseAPI Class","OpenAPI Generation"],"duration":52,"failureDetails":[],"failureMessages":[],"fullName":"BaseAPI Class OpenAPI Generation should generate basic OpenAPI spec","invocations":1,"location":null,"numPassingAsserts":4,"retryReasons":[],"status":"passed","title":"should generate basic OpenAPI spec"},{"ancestorTitles":["BaseAPI Class","OpenAPI Generation"],"duration":53,"failureDetails":[],"failureMessages":[],"fullName":"BaseAPI Class OpenAPI Generation should use default values when annotations are missing","invocations":1,"location":null,"numPassingAsserts":3,"retryReasons":[],"status":"passed","title":"should use default values when annotations are missing"},{"ancestorTitles":["BaseAPI Class","OpenAPI Generation"],"duration":53,"failureDetails":[],"failureMessages":[],"fullName":"BaseAPI Class OpenAPI Generation should include request body schema when available","invocations":1,"location":null,"numPassingAsserts":3,"retryReasons":[],"status":"passed","title":"should include request body schema when available"},{"ancestorTitles":["BaseAPI Class","OpenAPI Generation"],"duration":53,"failureDetails":[],"failureMessages":[],"fullName":"BaseAPI Class OpenAPI Generation should include response schemas when available","invocations":1,"location":null,"numPassingAsserts":3,"retryReasons":[],"status":"passed","title":"should include response schemas when available"},{"ancestorTitles":["BaseAPI Class","OpenAPI Generation"],"duration":56,"failureDetails":[],"failureMessages":[],"fullName":"BaseAPI Class OpenAPI Generation should handle complex @responseSchema annotations","invocations":1,"location":null,"numPassingAsserts":8,"retryReasons":[],"status":"passed","title":"should handle complex @responseSchema annotations"},{"ancestorTitles":["BaseAPI Class","OpenAPI Generation"],"duration":56,"failureDetails":[],"failureMessages":[],"fullName":"BaseAPI Class OpenAPI Generation should handle @errorResponses annotations correctly","invocations":1,"location":null,"numPassingAsserts":5,"retryReasons":[],"status":"passed","title":"should handle @errorResponses annotations correctly"},{"ancestorTitles":["BaseAPI Class","OpenAPI Generation"],"duration":55,"failureDetails":[],"failureMessages":[],"fullName":"BaseAPI Class OpenAPI Generation should prioritize @responseSchema over auto-generated schemas","invocations":1,"location":null,"numPassingAsserts":7,"retryReasons":[],"status":"passed","title":"should prioritize @responseSchema over auto-generated schemas"},{"ancestorTitles":["BaseAPI Class","MCP Integration"],"duration":53,"failureDetails":[],"failureMessages":[],"fullName":"BaseAPI Class MCP Integration should provide MCP description","invocations":1,"location":null,"numPassingAsserts":1,"retryReasons":[],"status":"passed","title":"should provide MCP description"},{"ancestorTitles":["BaseAPI Class","MCP Integration"],"duration":52,"failureDetails":[],"failureMessages":[],"fullName":"BaseAPI Class MCP Integration should fallback to OpenAPI description for MCP","invocations":1,"location":null,"numPassingAsserts":1,"retryReasons":[],"status":"passed","title":"should fallback to OpenAPI description for MCP"},{"ancestorTitles":["BaseAPI Class","Error Handling"],"duration":53,"failureDetails":[],"failureMessages":[],"fullName":"BaseAPI Class Error Handling should handle annotation parser errors gracefully","invocations":1,"location":null,"numPassingAsserts":3,"retryReasons":[],"status":"passed","title":"should handle annotation parser errors gracefully"},{"ancestorTitles":["BaseAPI Class","Error Handling"],"duration":54,"failureDetails":[],"failureMessages":[],"fullName":"BaseAPI Class Error Handling should handle missing annotation parser gracefully","invocations":1,"location":null,"numPassingAsserts":1,"retryReasons":[],"status":"passed","title":"should handle missing annotation parser gracefully"},{"ancestorTitles":["BaseAPI Class","Edge Cases"],"duration":55,"failureDetails":[],"failureMessages":[],"fullName":"BaseAPI Class Edge Cases should handle empty annotations","invocations":1,"location":null,"numPassingAsserts":2,"retryReasons":[],"status":"passed","title":"should handle empty annotations"},{"ancestorTitles":["BaseAPI Class","Edge Cases"],"duration":54,"failureDetails":[],"failureMessages":[],"fullName":"BaseAPI Class Edge Cases should handle null annotations","invocations":1,"location":null,"numPassingAsserts":2,"retryReasons":[],"status":"passed","title":"should handle null annotations"},{"ancestorTitles":["BaseAPI Class","Edge Cases"],"duration":54,"failureDetails":[],"failureMessages":[],"fullName":"BaseAPI Class Edge Cases should handle complex tag structures","invocations":1,"location":null,"numPassingAsserts":2,"retryReasons":[],"status":"passed","title":"should handle complex tag structures"}],"endTime":1762033283767,"message":"","name":"/Users/boqiangliang/project/7134-easy-mcp-server/test/base-api.test.js","startTime":1762033281812,"status":"passed","summary":""},{"assertionResults":[{"ancestorTitles":["MCP Inspector stability - tool schemas persist across selections"],"duration":24,"failureDetails":[],"failureMessages":[],"fullName":"MCP Inspector stability - tool schemas persist across selections HTTP /mcp/tools keeps query.active for api__users_get across repeated calls","invocations":1,"location":null,"numPassingAsserts":2,"retryReasons":[],"status":"passed","title":"HTTP /mcp/tools keeps query.active for api__users_get across repeated calls"},{"ancestorTitles":["MCP Inspector stability - tool schemas persist across selections"],"duration":17,"failureDetails":[],"failureMessages":[],"fullName":"MCP Inspector stability - tool schemas persist across selections JSON-RPC /mcp tools/list keeps query.active for api__users_get after interleaved calls","invocations":1,"location":null,"numPassingAsserts":7,"retryReasons":[],"status":"passed","title":"JSON-RPC /mcp tools/list keeps query.active for api__users_get after interleaved calls"}],"endTime":1762033285529,"message":"","name":"/Users/boqiangliang/project/7134-easy-mcp-server/test/mcp-inspector-stability.test.js","startTime":1762033283778,"status":"passed","summary":""},{"assertionResults":[{"ancestorTitles":["APILoader","Constructor and Initialization"],"duration":52,"failureDetails":[],"failureMessages":[],"fullName":"APILoader Constructor and Initialization should initialize with correct properties","invocations":1,"location":null,"numPassingAsserts":4,"retryReasons":[],"status":"passed","title":"should initialize with correct properties"},{"ancestorTitles":["APILoader","Constructor and Initialization"],"duration":52,"failureDetails":[],"failureMessages":[],"fullName":"APILoader Constructor and Initialization should handle different app instances","invocations":1,"location":null,"numPassingAsserts":2,"retryReasons":[],"status":"passed","title":"should handle different app instances"},{"ancestorTitles":["APILoader","loadAPIs"],"duration":53,"failureDetails":[],"failureMessages":[],"fullName":"APILoader loadAPIs should return empty array when api directory does not exist","invocations":1,"location":null,"numPassingAsserts":3,"retryReasons":[],"status":"passed","title":"should return empty array when api directory does not exist"},{"ancestorTitles":["APILoader","loadAPIs"],"duration":54,"failureDetails":[],"failureMessages":[],"fullName":"APILoader loadAPIs should handle errors during loading gracefully","invocations":1,"location":null,"numPassingAsserts":4,"retryReasons":[],"status":"passed","title":"should handle errors during loading gracefully"},{"ancestorTitles":["APILoader","Utility Methods"],"duration":53,"failureDetails":[],"failureMessages":[],"fullName":"APILoader Utility Methods should get routes correctly","invocations":1,"location":null,"numPassingAsserts":3,"retryReasons":[],"status":"passed","title":"should get routes correctly"},{"ancestorTitles":["APILoader","Utility Methods"],"duration":53,"failureDetails":[],"failureMessages":[],"fullName":"APILoader Utility Methods should validate routes correctly","invocations":1,"location":null,"numPassingAsserts":1,"retryReasons":[],"status":"passed","title":"should validate routes correctly"},{"ancestorTitles":["APILoader","Utility Methods"],"duration":54,"failureDetails":[],"failureMessages":[],"fullName":"APILoader Utility Methods should validate routes with issues","invocations":1,"location":null,"numPassingAsserts":4,"retryReasons":[],"status":"passed","title":"should validate routes with issues"},{"ancestorTitles":["APILoader","Utility Methods"],"duration":52,"failureDetails":[],"failureMessages":[],"fullName":"APILoader Utility Methods should get errors correctly","invocations":1,"location":null,"numPassingAsserts":3,"retryReasons":[],"status":"passed","title":"should get errors correctly"},{"ancestorTitles":["APILoader","Utility Methods"],"duration":57,"failureDetails":[],"failureMessages":[],"fullName":"APILoader Utility Methods should clear cache for specific file","invocations":1,"location":null,"numPassingAsserts":1,"retryReasons":[],"status":"passed","title":"should clear cache for specific file"},{"ancestorTitles":["APILoader","Utility Methods"],"duration":56,"failureDetails":[],"failureMessages":[],"fullName":"APILoader Utility Methods should reload APIs correctly","invocations":1,"location":null,"numPassingAsserts":3,"retryReasons":[],"status":"passed","title":"should reload APIs correctly"},{"ancestorTitles":["APILoader","Error Handling"],"duration":53,"failureDetails":[],"failureMessages":[],"fullName":"APILoader Error Handling should handle cache clearing errors gracefully","invocations":1,"location":null,"numPassingAsserts":1,"retryReasons":[],"status":"passed","title":"should handle cache clearing errors gracefully"}],"endTime":1762033287314,"message":"","name":"/Users/boqiangliang/project/7134-easy-mcp-server/test/api-loader.test.js","startTime":1762033285538,"status":"passed","summary":""},{"assertionResults":[{"ancestorTitles":["easy-mcp-server init command"],"duration":48,"failureDetails":[],"failureMessages":[],"fullName":"easy-mcp-server init command should create project directory","invocations":1,"location":null,"numPassingAsserts":2,"retryReasons":[],"status":"passed","title":"should create project directory"},{"ancestorTitles":["easy-mcp-server init command"],"duration":33,"failureDetails":[],"failureMessages":[],"fullName":"easy-mcp-server init command should create package.json with correct structure","invocations":1,"location":null,"numPassingAsserts":10,"retryReasons":[],"status":"passed","title":"should create package.json with correct structure"},{"ancestorTitles":["easy-mcp-server init command"],"duration":34,"failureDetails":[],"failureMessages":[],"fullName":"easy-mcp-server init command should create index.js file","invocations":1,"location":null,"numPassingAsserts":3,"retryReasons":[],"status":"passed","title":"should create index.js file"},{"ancestorTitles":["easy-mcp-server init command"],"duration":33,"failureDetails":[],"failureMessages":[],"fullName":"easy-mcp-server init command should create .env file with default configuration","invocations":1,"location":null,"numPassingAsserts":3,"retryReasons":[],"status":"passed","title":"should create .env file with default configuration"},{"ancestorTitles":["easy-mcp-server init command"],"duration":31,"failureDetails":[],"failureMessages":[],"fullName":"easy-mcp-server init command should create .gitignore file","invocations":1,"location":null,"numPassingAsserts":4,"retryReasons":[],"status":"passed","title":"should create .gitignore file"},{"ancestorTitles":["easy-mcp-server init command"],"duration":31,"failureDetails":[],"failureMessages":[],"fullName":"easy-mcp-server init command should create README.md file","invocations":1,"location":null,"numPassingAsserts":3,"retryReasons":[],"status":"passed","title":"should create README.md file"},{"ancestorTitles":["easy-mcp-server init command"],"duration":31,"failureDetails":[],"failureMessages":[],"fullName":"easy-mcp-server init command should create build.sh script","invocations":1,"location":null,"numPassingAsserts":6,"retryReasons":[],"status":"passed","title":"should create build.sh script"},{"ancestorTitles":["easy-mcp-server init command"],"duration":30,"failureDetails":[],"failureMessages":[],"fullName":"easy-mcp-server init command should create start.sh script","invocations":1,"location":null,"numPassingAsserts":4,"retryReasons":[],"status":"passed","title":"should create start.sh script"},{"ancestorTitles":["easy-mcp-server init command"],"duration":30,"failureDetails":[],"failureMessages":[],"fullName":"easy-mcp-server init command should create stop.sh script","invocations":1,"location":null,"numPassingAsserts":4,"retryReasons":[],"status":"passed","title":"should create stop.sh script"},{"ancestorTitles":["easy-mcp-server init command"],"duration":29,"failureDetails":[],"failureMessages":[],"fullName":"easy-mcp-server init command should create mcp-bridge.json file","invocations":1,"location":null,"numPassingAsserts":3,"retryReasons":[],"status":"passed","title":"should create mcp-bridge.json file"},{"ancestorTitles":["easy-mcp-server init command"],"duration":30,"failureDetails":[],"failureMessages":[],"fullName":"easy-mcp-server init command should create api directory with example files","invocations":1,"location":null,"numPassingAsserts":6,"retryReasons":[],"status":"passed","title":"should create api directory with example files"},{"ancestorTitles":["easy-mcp-server init command"],"duration":30,"failureDetails":[],"failureMessages":[],"fullName":"easy-mcp-server init command should create mcp directory structure","invocations":1,"location":null,"numPassingAsserts":5,"retryReasons":[],"status":"passed","title":"should create mcp directory structure"},{"ancestorTitles":["easy-mcp-server init command"],"duration":32,"failureDetails":[],"failureMessages":[],"fullName":"easy-mcp-server init command should create public directory with index.html","invocations":1,"location":null,"numPassingAsserts":4,"retryReasons":[],"status":"passed","title":"should create public directory with index.html"},{"ancestorTitles":["easy-mcp-server init command"],"duration":36,"failureDetails":[],"failureMessages":[],"fullName":"easy-mcp-server init command should create test directory with test file","invocations":1,"location":null,"numPassingAsserts":4,"retryReasons":[],"status":"passed","title":"should create test directory with test file"},{"ancestorTitles":["easy-mcp-server init command"],"duration":28,"failureDetails":[],"failureMessages":[],"fullName":"easy-mcp-server init command should fail if project directory already exists","invocations":1,"location":null,"numPassingAsserts":1,"retryReasons":[],"status":"passed","title":"should fail if project directory already exists"},{"ancestorTitles":["easy-mcp-server init command"],"duration":31,"failureDetails":[],"failureMessages":[],"fullName":"easy-mcp-server init command should create all required files for npm package build","invocations":1,"location":null,"numPassingAsserts":9,"retryReasons":[],"status":"passed","title":"should create all required files for npm package build"},{"ancestorTitles":["easy-mcp-server init command"],"duration":30,"failureDetails":[],"failureMessages":[],"fullName":"easy-mcp-server init command build.sh should have correct structure for npm packaging","invocations":1,"location":null,"numPassingAsserts":8,"retryReasons":[],"status":"passed","title":"build.sh should have correct structure for npm packaging"},{"ancestorTitles":["easy-mcp-server init command"],"duration":29,"failureDetails":[],"failureMessages":[],"fullName":"easy-mcp-server init command should generate project with default name when no name provided","invocations":1,"location":null,"numPassingAsserts":2,"retryReasons":[],"status":"passed","title":"should generate project with default name when no name provided"}],"endTime":1762033288925,"message":"","name":"/Users/boqiangliang/project/7134-easy-mcp-server/test/init-command.test.js","startTime":1762033287321,"status":"passed","summary":""},{"assertionResults":[{"ancestorTitles":["Graceful API Initialization","BaseAPIEnhanced Graceful Initialization"],"duration":3,"failureDetails":[],"failureMessages":[],"fullName":"Graceful API Initialization BaseAPIEnhanced Graceful Initialization should handle initialization success","invocations":1,"location":null,"numPassingAsserts":3,"retryReasons":[],"status":"passed","title":"should handle initialization success"},{"ancestorTitles":["Graceful API Initialization","BaseAPIEnhanced Graceful Initialization"],"duration":2,"failureDetails":[],"failureMessages":[],"fullName":"Graceful API Initialization BaseAPIEnhanced Graceful Initialization should handle initialization failure gracefully","invocations":1,"location":null,"numPassingAsserts":4,"retryReasons":[],"status":"passed","title":"should handle initialization failure gracefully"},{"ancestorTitles":["Graceful API Initialization","BaseAPIEnhanced Graceful Initialization"],"duration":2,"failureDetails":[],"failureMessages":[],"fullName":"Graceful API Initialization BaseAPIEnhanced Graceful Initialization should return 503 for failed initialization","invocations":1,"location":null,"numPassingAsserts":2,"retryReasons":[],"status":"passed","title":"should return 503 for failed initialization"},{"ancestorTitles":["Graceful API Initialization","BaseAPIEnhanced Graceful Initialization"],"duration":105,"failureDetails":[],"failureMessages":[],"fullName":"Graceful API Initialization BaseAPIEnhanced Graceful Initialization should support retry mechanism","invocations":1,"location":null,"numPassingAsserts":5,"retryReasons":[],"status":"passed","title":"should support retry mechanism"},{"ancestorTitles":["Graceful API Initialization","BaseAPIEnhanced Graceful Initialization"],"duration":26,"failureDetails":[],"failureMessages":[],"fullName":"Graceful API Initialization BaseAPIEnhanced Graceful Initialization should respect max retry limit","invocations":1,"location":null,"numPassingAsserts":7,"retryReasons":[],"status":"passed","title":"should respect max retry limit"},{"ancestorTitles":["Graceful API Initialization","BaseAPIEnhanced Graceful Initialization"],"duration":2,"failureDetails":[],"failureMessages":[],"fullName":"Graceful API Initialization BaseAPIEnhanced Graceful Initialization should provide detailed service status","invocations":1,"location":null,"numPassingAsserts":1,"retryReasons":[],"status":"passed","title":"should provide detailed service status"},{"ancestorTitles":["Graceful API Initialization","Server Integration Tests"],"duration":28,"failureDetails":[],"failureMessages":[],"fullName":"Graceful API Initialization Server Integration Tests should start server even with failing APIs","invocations":1,"location":null,"numPassingAsserts":3,"retryReasons":[],"status":"passed","title":"should start server even with failing APIs"},{"ancestorTitles":["Graceful API Initialization","Server Integration Tests"],"duration":12,"failureDetails":[],"failureMessages":[],"fullName":"Graceful API Initialization Server Integration Tests should provide retry endpoint","invocations":1,"location":null,"numPassingAsserts":3,"retryReasons":[],"status":"passed","title":"should provide retry endpoint"},{"ancestorTitles":["Graceful API Initialization","Server Integration Tests"],"duration":7,"failureDetails":[],"failureMessages":[],"fullName":"Graceful API Initialization Server Integration Tests should handle retry endpoint errors","invocations":1,"location":null,"numPassingAsserts":0,"retryReasons":[],"status":"passed","title":"should handle retry endpoint errors"},{"ancestorTitles":["Graceful API Initialization","Health Check Enhancement"],"duration":4,"failureDetails":[],"failureMessages":[],"fullName":"Graceful API Initialization Health Check Enhancement should show detailed API status in health check","invocations":1,"location":null,"numPassingAsserts":5,"retryReasons":[],"status":"passed","title":"should show detailed API status in health check"}],"endTime":1762033290162,"message":"","name":"/Users/boqiangliang/project/7134-easy-mcp-server/test/graceful-initialization.test.js","startTime":1762033288927,"status":"passed","summary":""},{"assertionResults":[{"ancestorTitles":["Environment Hot Reload - Simple"],"duration":327,"failureDetails":[],"failureMessages":[],"fullName":"Environment Hot Reload - Simple should detect .env file changes and reload environment variables","invocations":1,"location":null,"numPassingAsserts":0,"retryReasons":[],"status":"passed","title":"should detect .env file changes and reload environment variables"},{"ancestorTitles":["Environment Hot Reload - Simple"],"duration":null,"failureDetails":[],"failureMessages":[],"fullName":"Environment Hot Reload - Simple should handle multiple .env files in priority order","invocations":1,"location":null,"numPassingAsserts":0,"retryReasons":[],"status":"pending","title":"should handle multiple .env files in priority order"},{"ancestorTitles":["Environment Hot Reload - Simple"],"duration":null,"failureDetails":[{"errno":-2,"code":"ENOENT","syscall":"open","path":"/var/folders/mp/f_k7vr0s2ys72g34zb350x3r0000gn/T/env-hot-reload-simple-test-Gj4bHb/.env"}],"failureMessages":["Error: ENOENT: no such file or directory, open '/var/folders/mp/f_k7vr0s2ys72g34zb350x3r0000gn/T/env-hot-reload-simple-test-Gj4bHb/.env'\n    at Object.writeFileSync (node:fs:2425:20)\n    at Timeout._onTimeout (/Users/boqiangliang/project/7134-easy-mcp-server/test/env-hot-reload-simple.test.js:62:10)\n    at listOnTimeout (node:internal/timers:588:17)\n    at processTimers (node:internal/timers:523:7)"],"fullName":"Environment Hot Reload - Simple should handle missing .env files gracefully","invocations":1,"location":null,"numPassingAsserts":0,"retryReasons":[],"status":"pending","title":"should handle missing .env files gracefully"}],"endTime":1762033291544,"message":"  ● Environment Hot Reload - Simple › should handle missing .env files gracefully\n\n    ENOENT: no such file or directory, open '/var/folders/mp/f_k7vr0s2ys72g34zb350x3r0000gn/T/env-hot-reload-simple-test-Gj4bHb/.env'\n\n      60 |     setTimeout(() => {\n      61 |       console.log('Modifying .env file...');\n    > 62 |       fs.writeFileSync(envFile, 'TEST_VAR=updated_value\\n');\n         |          ^\n      63 |     }, 500);\n      64 |\n      65 |     // Timeout after 5 seconds\n\n      at Timeout._onTimeout (test/env-hot-reload-simple.test.js:62:10)\n","name":"/Users/boqiangliang/project/7134-easy-mcp-server/test/env-hot-reload-simple.test.js","startTime":1762033290169,"status":"focused","summary":""},{"assertionResults":[{"ancestorTitles":["Framework Functionality","Package Configuration"],"duration":52,"failureDetails":[],"failureMessages":[],"fullName":"Framework Functionality Package Configuration should have valid package.json structure","invocations":1,"location":null,"numPassingAsserts":4,"retryReasons":[],"status":"passed","title":"should have valid package.json structure"},{"ancestorTitles":["Framework Functionality","Package Configuration"],"duration":52,"failureDetails":[],"failureMessages":[],"fullName":"Framework Functionality Package Configuration should have required scripts","invocations":1,"location":null,"numPassingAsserts":3,"retryReasons":[],"status":"passed","title":"should have required scripts"},{"ancestorTitles":["Framework Functionality","Package Configuration"],"duration":53,"failureDetails":[],"failureMessages":[],"fullName":"Framework Functionality Package Configuration should have core dependencies","invocations":1,"location":null,"numPassingAsserts":3,"retryReasons":[],"status":"passed","title":"should have core dependencies"},{"ancestorTitles":["Framework Functionality","Framework Initialization"],"duration":94,"failureDetails":[],"failureMessages":[],"fullName":"Framework Functionality Framework Initialization should initialize without errors","invocations":1,"location":null,"numPassingAsserts":1,"retryReasons":[],"status":"passed","title":"should initialize without errors"},{"ancestorTitles":["Framework Functionality","Framework Initialization"],"duration":77,"failureDetails":[],"failureMessages":[],"fullName":"Framework Functionality Framework Initialization should export expected modules","invocations":1,"location":null,"numPassingAsserts":2,"retryReasons":[],"status":"passed","title":"should export expected modules"}],"endTime":1762033292904,"message":"","name":"/Users/boqiangliang/project/7134-easy-mcp-server/test/framework.test.js","startTime":1762033291550,"status":"passed","summary":""},{"assertionResults":[{"ancestorTitles":["IPv6 Binding Fix for Kubernetes Compatibility"],"duration":112,"failureDetails":[],"failureMessages":[],"fullName":"IPv6 Binding Fix for Kubernetes Compatibility MCP server binds to all interfaces by default","invocations":1,"location":null,"numPassingAsserts":1,"retryReasons":[],"status":"passed","title":"MCP server binds to all interfaces by default"},{"ancestorTitles":["IPv6 Binding Fix for Kubernetes Compatibility"],"duration":4,"failureDetails":[],"failureMessages":[],"fullName":"IPv6 Binding Fix for Kubernetes Compatibility MCP server constructor defaults to 0.0.0.0","invocations":1,"location":null,"numPassingAsserts":1,"retryReasons":[],"status":"passed","title":"MCP server constructor defaults to 0.0.0.0"},{"ancestorTitles":["IPv6 Binding Fix for Kubernetes Compatibility"],"duration":8,"failureDetails":[],"failureMessages":[],"fullName":"IPv6 Binding Fix for Kubernetes Compatibility MCP server can still bind to specific interfaces when needed","invocations":1,"location":null,"numPassingAsserts":2,"retryReasons":[],"status":"passed","title":"MCP server can still bind to specific interfaces when needed"},{"ancestorTitles":["IPv6 Binding Fix for Kubernetes Compatibility"],"duration":122,"failureDetails":[],"failureMessages":[],"fullName":"IPv6 Binding Fix for Kubernetes Compatibility Server startup logs show correct binding address","invocations":1,"location":null,"numPassingAsserts":2,"retryReasons":[],"status":"passed","title":"Server startup logs show correct binding address"}],"endTime":1762033294192,"message":"","name":"/Users/boqiangliang/project/7134-easy-mcp-server/test/ipv6-binding.test.js","startTime":1762033292915,"status":"passed","summary":""},{"assertionResults":[{"ancestorTitles":["Core Modules Integration","Module Loading"],"duration":81,"failureDetails":[],"failureMessages":[],"fullName":"Core Modules Integration Module Loading should load all core modules without errors","invocations":1,"location":null,"numPassingAsserts":1,"retryReasons":[],"status":"passed","title":"should load all core modules without errors"},{"ancestorTitles":["Core Modules Integration","Module Loading"],"duration":71,"failureDetails":[],"failureMessages":[],"fullName":"Core Modules Integration Module Loading should have consistent module structure","invocations":1,"location":null,"numPassingAsserts":3,"retryReasons":[],"status":"passed","title":"should have consistent module structure"},{"ancestorTitles":["Core Modules Integration","Cross-Module Dependencies"],"duration":68,"failureDetails":[],"failureMessages":[],"fullName":"Core Modules Integration Cross-Module Dependencies should handle circular dependencies gracefully","invocations":1,"location":null,"numPassingAsserts":2,"retryReasons":[],"status":"passed","title":"should handle circular dependencies gracefully"}],"endTime":1762033295445,"message":"","name":"/Users/boqiangliang/project/7134-easy-mcp-server/test/core-modules.test.js","startTime":1762033294201,"status":"passed","summary":""},{"assertionResults":[{"ancestorTitles":["Example Project Dynamic Routes","Product Dynamic Routes"],"duration":9,"failureDetails":[],"failureMessages":[],"fullName":"Example Project Dynamic Routes Product Dynamic Routes should load product dynamic routes correctly","invocations":1,"location":null,"numPassingAsserts":1,"retryReasons":[],"status":"passed","title":"should load product dynamic routes correctly"},{"ancestorTitles":["Example Project Dynamic Routes","Product Dynamic Routes"],"duration":14,"failureDetails":[],"failureMessages":[],"fullName":"Example Project Dynamic Routes Product Dynamic Routes should get product by ID (product 1)","invocations":1,"location":null,"numPassingAsserts":4,"retryReasons":[],"status":"passed","title":"should get product by ID (product 1)"},{"ancestorTitles":["Example Project Dynamic Routes","Product Dynamic Routes"],"duration":11,"failureDetails":[],"failureMessages":[],"fullName":"Example Project Dynamic Routes Product Dynamic Routes should get product by ID (product 2)","invocations":1,"location":null,"numPassingAsserts":4,"retryReasons":[],"status":"passed","title":"should get product by ID (product 2)"},{"ancestorTitles":["Example Project Dynamic Routes","Product Dynamic Routes"],"duration":9,"failureDetails":[],"failureMessages":[],"fullName":"Example Project Dynamic Routes Product Dynamic Routes should return 404 for non-existent product","invocations":1,"location":null,"numPassingAsserts":2,"retryReasons":[],"status":"passed","title":"should return 404 for non-existent product"},{"ancestorTitles":["Example Project Dynamic Routes","Static and Dynamic Routes Coexistence"],"duration":4,"failureDetails":[],"failureMessages":[],"fullName":"Example Project Dynamic Routes Static and Dynamic Routes Coexistence should have both static and dynamic product routes","invocations":1,"location":null,"numPassingAsserts":3,"retryReasons":[],"status":"passed","title":"should have both static and dynamic product routes"},{"ancestorTitles":["Example Project Dynamic Routes","Static and Dynamic Routes Coexistence"],"duration":5,"failureDetails":[],"failureMessages":[],"fullName":"Example Project Dynamic Routes Static and Dynamic Routes Coexistence should have static user routes without dynamic routes","invocations":1,"location":null,"numPassingAsserts":3,"retryReasons":[],"status":"passed","title":"should have static user routes without dynamic routes"},{"ancestorTitles":["Example Project Dynamic Routes","Parameter Types"],"duration":7,"failureDetails":[],"failureMessages":[],"fullName":"Example Project Dynamic Routes Parameter Types should handle numeric ID","invocations":1,"location":null,"numPassingAsserts":2,"retryReasons":[],"status":"passed","title":"should handle numeric ID"},{"ancestorTitles":["Example Project Dynamic Routes","Parameter Types"],"duration":8,"failureDetails":[],"failureMessages":[],"fullName":"Example Project Dynamic Routes Parameter Types should handle string ID","invocations":1,"location":null,"numPassingAsserts":2,"retryReasons":[],"status":"passed","title":"should handle string ID"},{"ancestorTitles":["Example Project Dynamic Routes","Parameter Types"],"duration":8,"failureDetails":[],"failureMessages":[],"fullName":"Example Project Dynamic Routes Parameter Types should handle UUID-like ID","invocations":1,"location":null,"numPassingAsserts":2,"retryReasons":[],"status":"passed","title":"should handle UUID-like ID"},{"ancestorTitles":["Example Project Dynamic Routes","All Routes Summary"],"duration":6,"failureDetails":[],"failureMessages":[],"fullName":"Example Project Dynamic Routes All Routes Summary should list all available routes in example-project","invocations":1,"location":null,"numPassingAsserts":5,"retryReasons":[],"status":"passed","title":"should list all available routes in example-project"}],"endTime":1762033296599,"message":"","name":"/Users/boqiangliang/project/7134-easy-mcp-server/test/example-project-dynamic-routes.test.js","startTime":1762033295454,"status":"passed","summary":""},{"assertionResults":[{"ancestorTitles":["Dynamic Routes"],"duration":6,"failureDetails":[],"failureMessages":[],"fullName":"Dynamic Routes should load API with single dynamic parameter [id]","invocations":1,"location":null,"numPassingAsserts":3,"retryReasons":[],"status":"passed","title":"should load API with single dynamic parameter [id]"},{"ancestorTitles":["Dynamic Routes"],"duration":15,"failureDetails":[],"failureMessages":[],"fullName":"Dynamic Routes should handle GET request to /products/:id","invocations":1,"location":null,"numPassingAsserts":3,"retryReasons":[],"status":"passed","title":"should handle GET request to /products/:id"},{"ancestorTitles":["Dynamic Routes"],"duration":18,"failureDetails":[],"failureMessages":[],"fullName":"Dynamic Routes should handle 404 for non-existent product ID","invocations":1,"location":null,"numPassingAsserts":2,"retryReasons":[],"status":"passed","title":"should handle 404 for non-existent product ID"},{"ancestorTitles":["Dynamic Routes"],"duration":null,"failureDetails":[],"failureMessages":[],"fullName":"Dynamic Routes should load API with nested dynamic parameters [userId]/posts/[postId]","invocations":1,"location":null,"numPassingAsserts":0,"retryReasons":[],"status":"pending","title":"should load API with nested dynamic parameters [userId]/posts/[postId]"},{"ancestorTitles":["Dynamic Routes"],"duration":null,"failureDetails":[],"failureMessages":[],"fullName":"Dynamic Routes should handle GET request to /users/:userId/posts/:postId","invocations":1,"location":null,"numPassingAsserts":0,"retryReasons":[],"status":"pending","title":"should handle GET request to /users/:userId/posts/:postId"},{"ancestorTitles":["Dynamic Routes"],"duration":15,"failureDetails":[],"failureMessages":[],"fullName":"Dynamic Routes should convert multiple [param] patterns correctly","invocations":1,"location":null,"numPassingAsserts":2,"retryReasons":[],"status":"passed","title":"should convert multiple [param] patterns correctly"},{"ancestorTitles":["Dynamic Routes"],"duration":19,"failureDetails":[],"failureMessages":[],"fullName":"Dynamic Routes should handle requests to routes with multiple parameters","invocations":1,"location":null,"numPassingAsserts":3,"retryReasons":[],"status":"passed","title":"should handle requests to routes with multiple parameters"},{"ancestorTitles":["Dynamic Routes"],"duration":14,"failureDetails":[],"failureMessages":[],"fullName":"Dynamic Routes should handle different parameter types (numeric, string, uuid)","invocations":1,"location":null,"numPassingAsserts":6,"retryReasons":[],"status":"passed","title":"should handle different parameter types (numeric, string, uuid)"},{"ancestorTitles":["Dynamic Routes"],"duration":8,"failureDetails":[],"failureMessages":[],"fullName":"Dynamic Routes should handle special characters in parameters","invocations":1,"location":null,"numPassingAsserts":3,"retryReasons":[],"status":"passed","title":"should handle special characters in parameters"},{"ancestorTitles":["Dynamic Routes"],"duration":10,"failureDetails":[],"failureMessages":[],"fullName":"Dynamic Routes should not convert [param] in query strings or body","invocations":1,"location":null,"numPassingAsserts":1,"retryReasons":[],"status":"passed","title":"should not convert [param] in query strings or body"},{"ancestorTitles":["Dynamic Routes"],"duration":8,"failureDetails":[],"failureMessages":[],"fullName":"Dynamic Routes should handle empty parameter values","invocations":1,"location":null,"numPassingAsserts":1,"retryReasons":[],"status":"passed","title":"should handle empty parameter values"},{"ancestorTitles":["Dynamic Routes"],"duration":5,"failureDetails":[],"failureMessages":[],"fullName":"Dynamic Routes should generate correct route information for OpenAPI","invocations":1,"location":null,"numPassingAsserts":3,"retryReasons":[],"status":"passed","title":"should generate correct route information for OpenAPI"},{"ancestorTitles":["Dynamic Routes"],"duration":5,"failureDetails":[],"failureMessages":[],"fullName":"Dynamic Routes should handle routes with unclosed bracket patterns","invocations":1,"location":null,"numPassingAsserts":1,"retryReasons":[],"status":"passed","title":"should handle routes with unclosed bracket patterns"},{"ancestorTitles":["Dynamic Routes"],"duration":4,"failureDetails":[],"failureMessages":[],"fullName":"Dynamic Routes should preserve static routes alongside dynamic routes","invocations":1,"location":null,"numPassingAsserts":2,"retryReasons":[],"status":"passed","title":"should preserve static routes alongside dynamic routes"},{"ancestorTitles":["Dynamic Routes"],"duration":16,"failureDetails":[],"failureMessages":[],"fullName":"Dynamic Routes should handle dynamic routes with various product IDs","invocations":1,"location":null,"numPassingAsserts":8,"retryReasons":[],"status":"passed","title":"should handle dynamic routes with various product IDs"}],"endTime":1762033297814,"message":"","name":"/Users/boqiangliang/project/7134-easy-mcp-server/test/dynamic-routes.test.js","startTime":1762033296605,"status":"focused","summary":""},{"assertionResults":[{"ancestorTitles":["Middleware Auto-Loading","Middleware Loading"],"duration":25,"failureDetails":[],"failureMessages":[],"fullName":"Middleware Auto-Loading Middleware Loading should load middleware from middleware.js files","invocations":1,"location":null,"numPassingAsserts":9,"retryReasons":[],"status":"passed","title":"should load middleware from middleware.js files"},{"ancestorTitles":["Middleware Auto-Loading","Middleware Loading"],"duration":3,"failureDetails":[],"failureMessages":[],"fullName":"Middleware Auto-Loading Middleware Loading should load API routes correctly","invocations":1,"location":null,"numPassingAsserts":4,"retryReasons":[],"status":"passed","title":"should load API routes correctly"},{"ancestorTitles":["Middleware Auto-Loading","Middleware Loading"],"duration":7,"failureDetails":[],"failureMessages":[],"fullName":"Middleware Auto-Loading Middleware Loading should handle middleware loading errors gracefully","invocations":1,"location":null,"numPassingAsserts":2,"retryReasons":[],"status":"passed","title":"should handle middleware loading errors gracefully"},{"ancestorTitles":["Middleware Auto-Loading","Middleware Execution"],"duration":7,"failureDetails":[],"failureMessages":[],"fullName":"Middleware Auto-Loading Middleware Execution should apply global middleware to all routes","invocations":1,"location":null,"numPassingAsserts":1,"retryReasons":[],"status":"passed","title":"should apply global middleware to all routes"},{"ancestorTitles":["Middleware Auto-Loading","Middleware Execution"],"duration":14,"failureDetails":[],"failureMessages":[],"fullName":"Middleware Auto-Loading Middleware Execution should apply user middleware to user routes","invocations":1,"location":null,"numPassingAsserts":2,"retryReasons":[],"status":"passed","title":"should apply user middleware to user routes"},{"ancestorTitles":["Middleware Auto-Loading","Middleware Execution"],"duration":9,"failureDetails":[],"failureMessages":[],"fullName":"Middleware Auto-Loading Middleware Execution should apply admin middleware to admin routes","invocations":1,"location":null,"numPassingAsserts":0,"retryReasons":[],"status":"passed","title":"should apply admin middleware to admin routes"},{"ancestorTitles":["Middleware Auto-Loading","Middleware Execution"],"duration":7,"failureDetails":[],"failureMessages":[],"fullName":"Middleware Auto-Loading Middleware Execution should apply middleware in correct order","invocations":1,"location":null,"numPassingAsserts":2,"retryReasons":[],"status":"passed","title":"should apply middleware in correct order"},{"ancestorTitles":["Middleware Auto-Loading","Middleware Export Formats"],"duration":2,"failureDetails":[],"failureMessages":[],"fullName":"Middleware Auto-Loading Middleware Export Formats should handle array export format","invocations":1,"location":null,"numPassingAsserts":2,"retryReasons":[],"status":"passed","title":"should handle array export format"},{"ancestorTitles":["Middleware Auto-Loading","Middleware Export Formats"],"duration":3,"failureDetails":[],"failureMessages":[],"fullName":"Middleware Auto-Loading Middleware Export Formats should handle object export format","invocations":1,"location":null,"numPassingAsserts":2,"retryReasons":[],"status":"passed","title":"should handle object export format"},{"ancestorTitles":["Middleware Auto-Loading","Middleware Export Formats"],"duration":4,"failureDetails":[],"failureMessages":[],"fullName":"Middleware Auto-Loading Middleware Export Formats should handle function export format","invocations":1,"location":null,"numPassingAsserts":2,"retryReasons":[],"status":"passed","title":"should handle function export format"},{"ancestorTitles":["Middleware Auto-Loading","Middleware Path Resolution"],"duration":3,"failureDetails":[],"failureMessages":[],"fullName":"Middleware Auto-Loading Middleware Path Resolution should resolve middleware paths correctly","invocations":1,"location":null,"numPassingAsserts":3,"retryReasons":[],"status":"passed","title":"should resolve middleware paths correctly"},{"ancestorTitles":["Middleware Auto-Loading","Middleware Path Resolution"],"duration":4,"failureDetails":[],"failureMessages":[],"fullName":"Middleware Auto-Loading Middleware Path Resolution should get middleware for specific path","invocations":1,"location":null,"numPassingAsserts":2,"retryReasons":[],"status":"passed","title":"should get middleware for specific path"},{"ancestorTitles":["Middleware Auto-Loading","Error Handling"],"duration":3,"failureDetails":[],"failureMessages":[],"fullName":"Middleware Auto-Loading Error Handling should handle missing middleware files gracefully","invocations":1,"location":null,"numPassingAsserts":2,"retryReasons":[],"status":"passed","title":"should handle missing middleware files gracefully"},{"ancestorTitles":["Middleware Auto-Loading","Error Handling"],"duration":1,"failureDetails":[],"failureMessages":[],"fullName":"Middleware Auto-Loading Error Handling should handle middleware loading errors","invocations":1,"location":null,"numPassingAsserts":1,"retryReasons":[],"status":"passed","title":"should handle middleware loading errors"}],"endTime":1762033298983,"message":"","name":"/Users/boqiangliang/project/7134-easy-mcp-server/test/middleware-auto-loading.test.js","startTime":1762033297824,"status":"passed","summary":""},{"assertionResults":[{"ancestorTitles":["MCP Auto-Discovery and Hot Reloading","File Format Support"],"duration":7,"failureDetails":[],"failureMessages":[],"fullName":"MCP Auto-Discovery and Hot Reloading File Format Support should load JSON prompt files","invocations":1,"location":null,"numPassingAsserts":4,"retryReasons":[],"status":"passed","title":"should load JSON prompt files"},{"ancestorTitles":["MCP Auto-Discovery and Hot Reloading","File Format Support"],"duration":15,"failureDetails":[],"failureMessages":[],"fullName":"MCP Auto-Discovery and Hot Reloading File Format Support should load YAML prompt files","invocations":1,"location":null,"numPassingAsserts":3,"retryReasons":[],"status":"passed","title":"should load YAML prompt files"},{"ancestorTitles":["MCP Auto-Discovery and Hot Reloading","File Format Support"],"duration":9,"failureDetails":[],"failureMessages":[],"fullName":"MCP Auto-Discovery and Hot Reloading File Format Support should load JSON resource files","invocations":1,"location":null,"numPassingAsserts":3,"retryReasons":[],"status":"passed","title":"should load JSON resource files"},{"ancestorTitles":["MCP Auto-Discovery and Hot Reloading","File Format Support"],"duration":5,"failureDetails":[],"failureMessages":[],"fullName":"MCP Auto-Discovery and Hot Reloading File Format Support should load YAML resource files","invocations":1,"location":null,"numPassingAsserts":3,"retryReasons":[],"status":"passed","title":"should load YAML resource files"},{"ancestorTitles":["MCP Auto-Discovery and Hot Reloading","File Format Support"],"duration":87,"failureDetails":[],"failureMessages":[],"fullName":"MCP Auto-Discovery and Hot Reloading File Format Support should load markdown resource files","invocations":1,"location":null,"numPassingAsserts":4,"retryReasons":[],"status":"passed","title":"should load markdown resource files"},{"ancestorTitles":["MCP Auto-Discovery and Hot Reloading","File Format Support"],"duration":9,"failureDetails":[],"failureMessages":[],"fullName":"MCP Auto-Discovery and Hot Reloading File Format Support should load text resource files","invocations":1,"location":null,"numPassingAsserts":4,"retryReasons":[],"status":"passed","title":"should load text resource files"},{"ancestorTitles":["MCP Auto-Discovery and Hot Reloading","Configuration Options"],"duration":4,"failureDetails":[],"failureMessages":[],"fullName":"MCP Auto-Discovery and Hot Reloading Configuration Options should respect disabled prompts configuration","invocations":1,"location":null,"numPassingAsserts":1,"retryReasons":[],"status":"passed","title":"should respect disabled prompts configuration"},{"ancestorTitles":["MCP Auto-Discovery and Hot Reloading","Configuration Options"],"duration":4,"failureDetails":[],"failureMessages":[],"fullName":"MCP Auto-Discovery and Hot Reloading Configuration Options should respect disabled resources configuration","invocations":1,"location":null,"numPassingAsserts":1,"retryReasons":[],"status":"passed","title":"should respect disabled resources configuration"},{"ancestorTitles":["MCP Auto-Discovery and Hot Reloading","Configuration Options"],"duration":7,"failureDetails":[],"failureMessages":[],"fullName":"MCP Auto-Discovery and Hot Reloading Configuration Options should respect custom directory configuration","invocations":1,"location":null,"numPassingAsserts":2,"retryReasons":[],"status":"passed","title":"should respect custom directory configuration"},{"ancestorTitles":["MCP Auto-Discovery and Hot Reloading","Configuration Options"],"duration":3,"failureDetails":[],"failureMessages":[],"fullName":"MCP Auto-Discovery and Hot Reloading Configuration Options should respect custom file format configuration","invocations":1,"location":null,"numPassingAsserts":2,"retryReasons":[],"status":"passed","title":"should respect custom file format configuration"},{"ancestorTitles":["MCP Auto-Discovery and Hot Reloading","MCP Protocol Integration"],"duration":9,"failureDetails":[],"failureMessages":[],"fullName":"MCP Auto-Discovery and Hot Reloading MCP Protocol Integration should return prompts in MCP format","invocations":1,"location":null,"numPassingAsserts":6,"retryReasons":[],"status":"passed","title":"should return prompts in MCP format"},{"ancestorTitles":["MCP Auto-Discovery and Hot Reloading","MCP Protocol Integration"],"duration":4,"failureDetails":[],"failureMessages":[],"fullName":"MCP Auto-Discovery and Hot Reloading MCP Protocol Integration should return resources in MCP format","invocations":1,"location":null,"numPassingAsserts":6,"retryReasons":[],"status":"passed","title":"should return resources in MCP format"},{"ancestorTitles":["MCP Auto-Discovery and Hot Reloading","MCP Protocol Integration"],"duration":6,"failureDetails":[],"failureMessages":[],"fullName":"MCP Auto-Discovery and Hot Reloading MCP Protocol Integration should handle prompt retrieval","invocations":1,"location":null,"numPassingAsserts":5,"retryReasons":[],"status":"passed","title":"should handle prompt retrieval"},{"ancestorTitles":["MCP Auto-Discovery and Hot Reloading","MCP Protocol Integration"],"duration":5,"failureDetails":[],"failureMessages":[],"fullName":"MCP Auto-Discovery and Hot Reloading MCP Protocol Integration should handle resource reading","invocations":1,"location":null,"numPassingAsserts":5,"retryReasons":[],"status":"passed","title":"should handle resource reading"},{"ancestorTitles":["MCP Auto-Discovery and Hot Reloading","Error Handling"],"duration":5,"failureDetails":[],"failureMessages":[],"fullName":"MCP Auto-Discovery and Hot Reloading Error Handling should handle invalid JSON files gracefully","invocations":1,"location":null,"numPassingAsserts":1,"retryReasons":[],"status":"passed","title":"should handle invalid JSON files gracefully"},{"ancestorTitles":["MCP Auto-Discovery and Hot Reloading","Error Handling"],"duration":5,"failureDetails":[],"failureMessages":[],"fullName":"MCP Auto-Discovery and Hot Reloading Error Handling should handle invalid YAML files gracefully","invocations":1,"location":null,"numPassingAsserts":1,"retryReasons":[],"status":"passed","title":"should handle invalid YAML files gracefully"},{"ancestorTitles":["MCP Auto-Discovery and Hot Reloading","Error Handling"],"duration":3,"failureDetails":[],"failureMessages":[],"fullName":"MCP Auto-Discovery and Hot Reloading Error Handling should handle missing directories gracefully","invocations":1,"location":null,"numPassingAsserts":1,"retryReasons":[],"status":"passed","title":"should handle missing directories gracefully"},{"ancestorTitles":["MCP Auto-Discovery and Hot Reloading","Error Handling"],"duration":8,"failureDetails":[],"failureMessages":[],"fullName":"MCP Auto-Discovery and Hot Reloading Error Handling should handle file permission errors gracefully","invocations":1,"location":null,"numPassingAsserts":1,"retryReasons":[],"status":"passed","title":"should handle file permission errors gracefully"},{"ancestorTitles":["MCP Auto-Discovery and Hot Reloading","File Path Handling"],"duration":5,"failureDetails":[],"failureMessages":[],"fullName":"MCP Auto-Discovery and Hot Reloading File Path Handling should handle nested directory structures","invocations":1,"location":null,"numPassingAsserts":1,"retryReasons":[],"status":"passed","title":"should handle nested directory structures"},{"ancestorTitles":["MCP Auto-Discovery and Hot Reloading","File Path Handling"],"duration":5,"failureDetails":[],"failureMessages":[],"fullName":"MCP Auto-Discovery and Hot Reloading File Path Handling should generate proper URIs for nested resources","invocations":1,"location":null,"numPassingAsserts":1,"retryReasons":[],"status":"passed","title":"should generate proper URIs for nested resources"}],"endTime":1762033300232,"message":"","name":"/Users/boqiangliang/project/7134-easy-mcp-server/test/mcp-auto-discovery.test.js","startTime":1762033298989,"status":"passed","summary":""},{"assertionResults":[{"ancestorTitles":["BaseAPIEnhanced","constructor"],"duration":3,"failureDetails":[],"failureMessages":[],"fullName":"BaseAPIEnhanced constructor should create BaseAPIEnhanced instance","invocations":1,"location":null,"numPassingAsserts":5,"retryReasons":[],"status":"passed","title":"should create BaseAPIEnhanced instance"},{"ancestorTitles":["BaseAPIEnhanced","initialize"],"duration":4,"failureDetails":[],"failureMessages":[],"fullName":"BaseAPIEnhanced initialize should initialize all components","invocations":1,"location":null,"numPassingAsserts":4,"retryReasons":[],"status":"passed","title":"should initialize all components"},{"ancestorTitles":["BaseAPIEnhanced","initialize"],"duration":3,"failureDetails":[],"failureMessages":[],"fullName":"BaseAPIEnhanced initialize should not initialize twice","invocations":1,"location":null,"numPassingAsserts":2,"retryReasons":[],"status":"passed","title":"should not initialize twice"},{"ancestorTitles":["BaseAPIEnhanced","process"],"duration":4,"failureDetails":[],"failureMessages":[],"fullName":"BaseAPIEnhanced process should process request and call handleRequest","invocations":1,"location":null,"numPassingAsserts":1,"retryReasons":[],"status":"passed","title":"should process request and call handleRequest"},{"ancestorTitles":["BaseAPIEnhanced","process"],"duration":3,"failureDetails":[],"failureMessages":[],"fullName":"BaseAPIEnhanced process should handle errors in request processing","invocations":1,"location":null,"numPassingAsserts":2,"retryReasons":[],"status":"passed","title":"should handle errors in request processing"},{"ancestorTitles":["BaseAPIEnhanced","response utilities"],"duration":2,"failureDetails":[],"failureMessages":[],"fullName":"BaseAPIEnhanced response utilities should send success response","invocations":1,"location":null,"numPassingAsserts":2,"retryReasons":[],"status":"passed","title":"should send success response"},{"ancestorTitles":["BaseAPIEnhanced","response utilities"],"duration":2,"failureDetails":[],"failureMessages":[],"fullName":"BaseAPIEnhanced response utilities should send error response","invocations":1,"location":null,"numPassingAsserts":2,"retryReasons":[],"status":"passed","title":"should send error response"},{"ancestorTitles":["BaseAPIEnhanced","response utilities"],"duration":4,"failureDetails":[],"failureMessages":[],"fullName":"BaseAPIEnhanced response utilities should validate request body","invocations":1,"location":null,"numPassingAsserts":2,"retryReasons":[],"status":"passed","title":"should validate request body"},{"ancestorTitles":["BaseAPIEnhanced","LLM integration"],"duration":2,"failureDetails":[],"failureMessages":[],"fullName":"BaseAPIEnhanced LLM integration should generate text using LLM","invocations":1,"location":null,"numPassingAsserts":2,"retryReasons":[],"status":"passed","title":"should generate text using LLM"},{"ancestorTitles":["BaseAPIEnhanced","LLM integration"],"duration":3,"failureDetails":[],"failureMessages":[],"fullName":"BaseAPIEnhanced LLM integration should throw error when LLM is not available","invocations":1,"location":null,"numPassingAsserts":1,"retryReasons":[],"status":"passed","title":"should throw error when LLM is not available"},{"ancestorTitles":["BaseAPIEnhanced","LLM integration"],"duration":2,"failureDetails":[],"failureMessages":[],"fullName":"BaseAPIEnhanced LLM integration should generate streaming text","invocations":1,"location":null,"numPassingAsserts":1,"retryReasons":[],"status":"passed","title":"should generate streaming text"},{"ancestorTitles":["BaseAPIEnhanced","MCP resources"],"duration":2,"failureDetails":[],"failureMessages":[],"fullName":"BaseAPIEnhanced MCP resources should get MCP resource by URI","invocations":1,"location":null,"numPassingAsserts":2,"retryReasons":[],"status":"passed","title":"should get MCP resource by URI"},{"ancestorTitles":["BaseAPIEnhanced","MCP resources"],"duration":2,"failureDetails":[],"failureMessages":[],"fullName":"BaseAPIEnhanced MCP resources should get MCP prompt by name","invocations":1,"location":null,"numPassingAsserts":2,"retryReasons":[],"status":"passed","title":"should get MCP prompt by name"},{"ancestorTitles":["BaseAPIEnhanced","MCP resources"],"duration":1,"failureDetails":[],"failureMessages":[],"fullName":"BaseAPIEnhanced MCP resources should create markdown resource","invocations":1,"location":null,"numPassingAsserts":2,"retryReasons":[],"status":"passed","title":"should create markdown resource"},{"ancestorTitles":["BaseAPIEnhanced","health check"],"duration":2,"failureDetails":[],"failureMessages":[],"fullName":"BaseAPIEnhanced health check should return healthy status","invocations":1,"location":null,"numPassingAsserts":2,"retryReasons":[],"status":"passed","title":"should return healthy status"},{"ancestorTitles":["BaseAPIEnhanced","health check"],"duration":1,"failureDetails":[],"failureMessages":[],"fullName":"BaseAPIEnhanced health check should return unhealthy status","invocations":1,"location":null,"numPassingAsserts":2,"retryReasons":[],"status":"passed","title":"should return unhealthy status"},{"ancestorTitles":["BaseAPIEnhanced","service status"],"duration":2,"failureDetails":[],"failureMessages":[],"fullName":"BaseAPIEnhanced service status should return service status","invocations":1,"location":null,"numPassingAsserts":1,"retryReasons":[],"status":"passed","title":"should return service status"},{"ancestorTitles":["BaseAPIEnhanced","metrics"],"duration":2,"failureDetails":[],"failureMessages":[],"fullName":"BaseAPIEnhanced metrics should return service metrics","invocations":1,"location":null,"numPassingAsserts":1,"retryReasons":[],"status":"passed","title":"should return service metrics"},{"ancestorTitles":["BaseAPIEnhanced","cleanup"],"duration":2,"failureDetails":[],"failureMessages":[],"fullName":"BaseAPIEnhanced cleanup should cleanup resources","invocations":1,"location":null,"numPassingAsserts":0,"retryReasons":[],"status":"passed","title":"should cleanup resources"}],"endTime":1762033301318,"message":"","name":"/Users/boqiangliang/project/7134-easy-mcp-server/test/base-api-enhanced.test.js","startTime":1762033300238,"status":"passed","summary":""},{"assertionResults":[{"ancestorTitles":["Custom Content Troubleshooting","Custom Prompts Loading"],"duration":13,"failureDetails":[],"failureMessages":[],"fullName":"Custom Content Troubleshooting Custom Prompts Loading should load custom prompts from various formats","invocations":1,"location":null,"numPassingAsserts":4,"retryReasons":[],"status":"passed","title":"should load custom prompts from various formats"},{"ancestorTitles":["Custom Content Troubleshooting","Custo
[...]
Titles":["APIResponseUtils","validateRequestBody"],"duration":1,"failureDetails":[],"failureMessages":[],"fullName":"APIResponseUtils validateRequestBody should validate request body successfully","invocations":1,"location":null,"numPassingAsserts":2,"retryReasons":[],"status":"passed","title":"should validate request body successfully"},{"ancestorTitles":["APIResponseUtils","validateRequestBody"],"duration":0,"failureDetails":[],"failureMessages":[],"fullName":"APIResponseUtils validateRequestBody should return validation errors for missing required fields","invocations":1,"location":null,"numPassingAsserts":4,"retryReasons":[],"status":"passed","title":"should return validation errors for missing required fields"},{"ancestorTitles":["APIResponseUtils","validateRequestBody"],"duration":0,"failureDetails":[],"failureMessages":[],"fullName":"APIResponseUtils validateRequestBody should return validation errors for invalid field types","invocations":1,"location":null,"numPassingAsserts":4,"retryReasons":[],"status":"passed","title":"should return validation errors for invalid field types"},{"ancestorTitles":["APIResponseUtils","validateRequestBody"],"duration":1,"failureDetails":[],"failureMessages":[],"fullName":"APIResponseUtils validateRequestBody should return validation errors for string length violations","invocations":1,"location":null,"numPassingAsserts":4,"retryReasons":[],"status":"passed","title":"should return validation errors for string length violations"},{"ancestorTitles":["APIResponseUtils","validateRequestBody"],"duration":2,"failureDetails":[],"failureMessages":[],"fullName":"APIResponseUtils validateRequestBody should return validation errors for enum violations","invocations":1,"location":null,"numPassingAsserts":4,"retryReasons":[],"status":"passed","title":"should return validation errors for enum violations"},{"ancestorTitles":["APIResponseUtils","sendPaginatedResponse"],"duration":0,"failureDetails":[],"failureMessages":[],"fullName":"APIResponseUtils sendPaginatedResponse should send paginated response","invocations":1,"location":null,"numPassingAsserts":2,"retryReasons":[],"status":"passed","title":"should send paginated response"},{"ancestorTitles":["APIResponseUtils","sendListResponse"],"duration":1,"failureDetails":[],"failureMessages":[],"fullName":"APIResponseUtils sendListResponse should send list response","invocations":1,"location":null,"numPassingAsserts":2,"retryReasons":[],"status":"passed","title":"should send list response"},{"ancestorTitles":["APIResponseUtils","sendCreatedResponse"],"duration":0,"failureDetails":[],"failureMessages":[],"fullName":"APIResponseUtils sendCreatedResponse should send created response","invocations":1,"location":null,"numPassingAsserts":2,"retryReasons":[],"status":"passed","title":"should send created response"},{"ancestorTitles":["APIResponseUtils","sendUpdatedResponse"],"duration":1,"failureDetails":[],"failureMessages":[],"fullName":"APIResponseUtils sendUpdatedResponse should send updated response","invocations":1,"location":null,"numPassingAsserts":2,"retryReasons":[],"status":"passed","title":"should send updated response"},{"ancestorTitles":["APIResponseUtils","sendDeletedResponse"],"duration":0,"failureDetails":[],"failureMessages":[],"fullName":"APIResponseUtils sendDeletedResponse should send deleted response","invocations":1,"location":null,"numPassingAsserts":2,"retryReasons":[],"status":"passed","title":"should send deleted response"}],"endTime":1762033329709,"message":"","name":"/Users/boqiangliang/project/7134-easy-mcp-server/test/api-response-utils.test.js","startTime":1762033328667,"status":"passed","summary":""},{"assertionResults":[{"ancestorTitles":["Spec Compliance Tests","OpenAPI 3.0 Specification Compliance"],"duration":2,"failureDetails":[],"failureMessages":[],"fullName":"Spec Compliance Tests OpenAPI 3.0 Specification Compliance should generate valid OpenAPI 3.0.0 spec structure","invocations":1,"location":null,"numPassingAsserts":12,"retryReasons":[],"status":"passed","title":"should generate valid OpenAPI 3.0.0 spec structure"},{"ancestorTitles":["Spec Compliance Tests","OpenAPI 3.0 Specification Compliance"],"duration":1,"failureDetails":[],"failureMessages":[],"fullName":"Spec Compliance Tests OpenAPI 3.0 Specification Compliance should use OpenAPI path format ({param}) instead of Express format (:param)","invocations":1,"location":null,"numPassingAsserts":4,"retryReasons":[],"status":"passed","title":"should use OpenAPI path format ({param}) instead of Express format (:param)"},{"ancestorTitles":["Spec Compliance Tests","OpenAPI 3.0 Specification Compliance"],"duration":3,"failureDetails":[],"failureMessages":[],"fullName":"Spec Compliance Tests OpenAPI 3.0 Specification Compliance should define all path parameters in parameters array","invocations":1,"location":null,"numPassingAsserts":8,"retryReasons":[],"status":"passed","title":"should define all path parameters in parameters array"},{"ancestorTitles":["Spec Compliance Tests","OpenAPI 3.0 Specification Compliance"],"duration":1,"failureDetails":[],"failureMessages":[],"fullName":"Spec Compliance Tests OpenAPI 3.0 Specification Compliance should have unique operationIds across all operations","invocations":1,"location":null,"numPassingAsserts":3,"retryReasons":[],"status":"passed","title":"should have unique operationIds across all operations"},{"ancestorTitles":["Spec Compliance Tests","OpenAPI 3.0 Specification Compliance"],"duration":1,"failureDetails":[],"failureMessages":[],"fullName":"Spec Compliance Tests OpenAPI 3.0 Specification Compliance should have valid response structures","invocations":1,"location":null,"numPassingAsserts":15,"retryReasons":[],"status":"passed","title":"should have valid response structures"},{"ancestorTitles":["Spec Compliance Tests","OpenAPI 3.0 Specification Compliance"],"duration":1,"failureDetails":[],"failureMessages":[],"fullName":"Spec Compliance Tests OpenAPI 3.0 Specification Compliance should have valid parameter structures","invocations":1,"location":null,"numPassingAsserts":17,"retryReasons":[],"status":"passed","title":"should have valid parameter structures"},{"ancestorTitles":["Spec Compliance Tests","OpenAPI 3.0 Specification Compliance"],"duration":0,"failureDetails":[],"failureMessages":[],"fullName":"Spec Compliance Tests OpenAPI 3.0 Specification Compliance should have valid requestBody structure when present","invocations":1,"location":null,"numPassingAsserts":5,"retryReasons":[],"status":"passed","title":"should have valid requestBody structure when present"},{"ancestorTitles":["Spec Compliance Tests","OpenAPI 3.0 Specification Compliance"],"duration":1,"failureDetails":[],"failureMessages":[],"fullName":"Spec Compliance Tests OpenAPI 3.0 Specification Compliance should have valid component schemas","invocations":1,"location":null,"numPassingAsserts":8,"retryReasons":[],"status":"passed","title":"should have valid component schemas"},{"ancestorTitles":["Spec Compliance Tests","OpenAPI 3.0 Specification Compliance"],"duration":0,"failureDetails":[],"failureMessages":[],"fullName":"Spec Compliance Tests OpenAPI 3.0 Specification Compliance should reference component schemas correctly","invocations":1,"location":null,"numPassingAsserts":2,"retryReasons":[],"status":"passed","title":"should reference component schemas correctly"},{"ancestorTitles":["Spec Compliance Tests","OpenAPI 3.0 Specification Compliance"],"duration":1,"failureDetails":[],"failureMessages":[],"fullName":"Spec Compliance Tests OpenAPI 3.0 Specification Compliance should have valid server URLs","invocations":1,"location":null,"numPassingAsserts":6,"retryReasons":[],"status":"passed","title":"should have valid server URLs"},{"ancestorTitles":["Spec Compliance Tests","MCP Specification Compliance"],"duration":1,"failureDetails":[],"failureMessages":[],"fullName":"Spec Compliance Tests MCP Specification Compliance should build tools with required MCP fields","invocations":1,"location":null,"numPassingAsserts":8,"retryReasons":[],"status":"passed","title":"should build tools with required MCP fields"},{"ancestorTitles":["Spec Compliance Tests","MCP Specification Compliance"],"duration":0,"failureDetails":[],"failureMessages":[],"fullName":"Spec Compliance Tests MCP Specification Compliance should have valid inputSchema structure (JSON Schema Draft 2020-12)","invocations":1,"location":null,"numPassingAsserts":4,"retryReasons":[],"status":"passed","title":"should have valid inputSchema structure (JSON Schema Draft 2020-12)"},{"ancestorTitles":["Spec Compliance Tests","MCP Specification Compliance"],"duration":1,"failureDetails":[],"failureMessages":[],"fullName":"Spec Compliance Tests MCP Specification Compliance should handle array types correctly in inputSchema","invocations":1,"location":null,"numPassingAsserts":4,"retryReasons":[],"status":"passed","title":"should handle array types correctly in inputSchema"},{"ancestorTitles":["Spec Compliance Tests","MCP Specification Compliance"],"duration":0,"failureDetails":[],"failureMessages":[],"fullName":"Spec Compliance Tests MCP Specification Compliance should include optional summary field","invocations":1,"location":null,"numPassingAsserts":2,"retryReasons":[],"status":"passed","title":"should include optional summary field"},{"ancestorTitles":["Spec Compliance Tests","MCP Specification Compliance"],"duration":0,"failureDetails":[],"failureMessages":[],"fullName":"Spec Compliance Tests MCP Specification Compliance should handle optional responseSchema correctly","invocations":1,"location":null,"numPassingAsserts":2,"retryReasons":[],"status":"passed","title":"should handle optional responseSchema correctly"},{"ancestorTitles":["Spec Compliance Tests","MCP Specification Compliance"],"duration":0,"failureDetails":[],"failureMessages":[],"fullName":"Spec Compliance Tests MCP Specification Compliance should normalize nested schemas in inputSchema","invocations":1,"location":null,"numPassingAsserts":4,"retryReasons":[],"status":"passed","title":"should normalize nested schemas in inputSchema"},{"ancestorTitles":["Spec Compliance Tests","MCP Specification Compliance"],"duration":2,"failureDetails":[],"failureMessages":[],"fullName":"Spec Compliance Tests MCP Specification Compliance should handle path parameters in tool inputSchema","invocations":1,"location":null,"numPassingAsserts":4,"retryReasons":[],"status":"passed","title":"should handle path parameters in tool inputSchema"},{"ancestorTitles":["Spec Compliance Tests","MCP and OpenAPI Consistency"],"duration":0,"failureDetails":[],"failureMessages":[],"fullName":"Spec Compliance Tests MCP and OpenAPI Consistency should have consistent parameter names between MCP and OpenAPI","invocations":1,"location":null,"numPassingAsserts":4,"retryReasons":[],"status":"passed","title":"should have consistent parameter names between MCP and OpenAPI"},{"ancestorTitles":["Spec Compliance Tests","MCP and OpenAPI Consistency"],"duration":1,"failureDetails":[],"failureMessages":[],"fullName":"Spec Compliance Tests MCP and OpenAPI Consistency should have consistent response schemas when available","invocations":1,"location":null,"numPassingAsserts":2,"retryReasons":[],"status":"passed","title":"should have consistent response schemas when available"},{"ancestorTitles":["Spec Compliance Tests","MCP and OpenAPI Consistency"],"duration":0,"failureDetails":[],"failureMessages":[],"fullName":"Spec Compliance Tests MCP and OpenAPI Consistency should have consistent operation descriptions","invocations":1,"location":null,"numPassingAsserts":4,"retryReasons":[],"status":"passed","title":"should have consistent operation descriptions"}],"endTime":1762033330766,"message":"","name":"/Users/boqiangliang/project/7134-easy-mcp-server/test/spec-compliance.test.js","startTime":1762033329718,"status":"passed","summary":""},{"assertionResults":[{"ancestorTitles":["EASY_MCP_SERVER_BRIDGE_CONFIG_PATH Environment Variable"],"duration":1,"failureDetails":[],"failureMessages":[],"fullName":"EASY_MCP_SERVER_BRIDGE_CONFIG_PATH Environment Variable should use default config file when environment variable is not set","invocations":1,"location":null,"numPassingAsserts":2,"retryReasons":[],"status":"passed","title":"should use default config file when environment variable is not set"},{"ancestorTitles":["EASY_MCP_SERVER_BRIDGE_CONFIG_PATH Environment Variable"],"duration":1,"failureDetails":[],"failureMessages":[],"fullName":"EASY_MCP_SERVER_BRIDGE_CONFIG_PATH Environment Variable should use custom config file when environment variable is set","invocations":1,"location":null,"numPassingAsserts":2,"retryReasons":[],"status":"passed","title":"should use custom config file when environment variable is set"},{"ancestorTitles":["EASY_MCP_SERVER_BRIDGE_CONFIG_PATH Environment Variable"],"duration":1,"failureDetails":[],"failureMessages":[],"fullName":"EASY_MCP_SERVER_BRIDGE_CONFIG_PATH Environment Variable should load custom config file when environment variable is set","invocations":1,"location":null,"numPassingAsserts":3,"retryReasons":[],"status":"passed","title":"should load custom config file when environment variable is set"},{"ancestorTitles":["EASY_MCP_SERVER_BRIDGE_CONFIG_PATH Environment Variable"],"duration":1,"failureDetails":[],"failureMessages":[],"fullName":"EASY_MCP_SERVER_BRIDGE_CONFIG_PATH Environment Variable should resolve servers from custom config file","invocations":1,"location":null,"numPassingAsserts":4,"retryReasons":[],"status":"passed","title":"should resolve servers from custom config file"},{"ancestorTitles":["EASY_MCP_SERVER_BRIDGE_CONFIG_PATH Environment Variable"],"duration":0,"failureDetails":[],"failureMessages":[],"fullName":"EASY_MCP_SERVER_BRIDGE_CONFIG_PATH Environment Variable should handle non-existent custom config file gracefully","invocations":1,"location":null,"numPassingAsserts":1,"retryReasons":[],"status":"passed","title":"should handle non-existent custom config file gracefully"},{"ancestorTitles":["EASY_MCP_SERVER_BRIDGE_CONFIG_PATH Environment Variable"],"duration":2,"failureDetails":[],"failureMessages":[],"fullName":"EASY_MCP_SERVER_BRIDGE_CONFIG_PATH Environment Variable should handle invalid JSON in custom config file","invocations":1,"location":null,"numPassingAsserts":2,"retryReasons":[],"status":"passed","title":"should handle invalid JSON in custom config file"},{"ancestorTitles":["EASY_MCP_SERVER_BRIDGE_CONFIG_PATH Environment Variable"],"duration":3,"failureDetails":[],"failureMessages":[],"fullName":"EASY_MCP_SERVER_BRIDGE_CONFIG_PATH Environment Variable should not override environment variable when configFile is not provided","invocations":1,"location":null,"numPassingAsserts":2,"retryReasons":[],"status":"passed","title":"should not override environment variable when configFile is not provided"},{"ancestorTitles":["EASY_MCP_SERVER_BRIDGE_CONFIG_PATH Environment Variable"],"duration":0,"failureDetails":[],"failureMessages":[],"fullName":"EASY_MCP_SERVER_BRIDGE_CONFIG_PATH Environment Variable should use default when environment variable is empty string","invocations":1,"location":null,"numPassingAsserts":2,"retryReasons":[],"status":"passed","title":"should use default when environment variable is empty string"}],"endTime":1762033331816,"message":"","name":"/Users/boqiangliang/project/7134-easy-mcp-server/test/bridge-config-env.test.js","startTime":1762033330773,"status":"passed","summary":""},{"assertionResults":[{"ancestorTitles":["SimpleParameterParser","extractParameters"],"duration":1,"failureDetails":[],"failureMessages":[],"fullName":"SimpleParameterParser extractParameters should extract parameters from any text content","invocations":1,"location":null,"numPassingAsserts":1,"retryReasons":[],"status":"passed","title":"should extract parameters from any text content"},{"ancestorTitles":["SimpleParameterParser","extractParameters"],"duration":0,"failureDetails":[],"failureMessages":[],"fullName":"SimpleParameterParser extractParameters should handle duplicate parameters","invocations":1,"location":null,"numPassingAsserts":1,"retryReasons":[],"status":"passed","title":"should handle duplicate parameters"},{"ancestorTitles":["SimpleParameterParser","extractParameters"],"duration":1,"failureDetails":[],"failureMessages":[],"fullName":"SimpleParameterParser extractParameters should return empty array for no parameters","invocations":1,"location":null,"numPassingAsserts":1,"retryReasons":[],"status":"passed","title":"should return empty array for no parameters"},{"ancestorTitles":["SimpleParameterParser","parse"],"duration":0,"failureDetails":[],"failureMessages":[],"fullName":"SimpleParameterParser parse should parse Markdown content","invocations":1,"location":null,"numPassingAsserts":5,"retryReasons":[],"status":"passed","title":"should parse Markdown content"},{"ancestorTitles":["SimpleParameterParser","parse"],"duration":1,"failureDetails":[],"failureMessages":[],"fullName":"SimpleParameterParser parse should parse JavaScript content","invocations":1,"location":null,"numPassingAsserts":4,"retryReasons":[],"status":"passed","title":"should parse JavaScript content"},{"ancestorTitles":["SimpleParameterParser","parse"],"duration":0,"failureDetails":[],"failureMessages":[],"fullName":"SimpleParameterParser parse should parse YAML content","invocations":1,"location":null,"numPassingAsserts":4,"retryReasons":[],"status":"passed","title":"should parse YAML content"},{"ancestorTitles":["SimpleParameterParser","parse"],"duration":1,"failureDetails":[],"failureMessages":[],"fullName":"SimpleParameterParser parse should parse text content","invocations":1,"location":null,"numPassingAsserts":4,"retryReasons":[],"status":"passed","title":"should parse text content"},{"ancestorTitles":["SimpleParameterParser","parse"],"duration":0,"failureDetails":[],"failureMessages":[],"fullName":"SimpleParameterParser parse should handle unknown file extensions","invocations":1,"location":null,"numPassingAsserts":4,"retryReasons":[],"status":"passed","title":"should handle unknown file extensions"},{"ancestorTitles":["SimpleParameterParser","parse"],"duration":0,"failureDetails":[],"failureMessages":[],"fullName":"SimpleParameterParser parse should remove HTML comments","invocations":1,"location":null,"numPassingAsserts":2,"retryReasons":[],"status":"passed","title":"should remove HTML comments"},{"ancestorTitles":["SimpleParameterParser","getFormatType"],"duration":2,"failureDetails":[],"failureMessages":[],"fullName":"SimpleParameterParser getFormatType should return correct format types","invocations":1,"location":null,"numPassingAsserts":7,"retryReasons":[],"status":"passed","title":"should return correct format types"},{"ancestorTitles":["SimpleParameterParser","hasParameters"],"duration":0,"failureDetails":[],"failureMessages":[],"fullName":"SimpleParameterParser hasParameters should detect files with parameters","invocations":1,"location":null,"numPassingAsserts":2,"retryReasons":[],"status":"passed","title":"should detect files with parameters"},{"ancestorTitles":["SimpleParameterParser","hasParameters"],"duration":0,"failureDetails":[],"failureMessages":[],"fullName":"SimpleParameterParser hasParameters should detect files without parameters","invocations":1,"location":null,"numPassingAsserts":2,"retryReasons":[],"status":"passed","title":"should detect files without parameters"},{"ancestorTitles":["SimpleParameterParser","getSupportedExtensions"],"duration":0,"failureDetails":[],"failureMessages":[],"fullName":"SimpleParameterParser getSupportedExtensions should return array of supported extensions","invocations":1,"location":null,"numPassingAsserts":6,"retryReasons":[],"status":"passed","title":"should return array of supported extensions"}],"endTime":1762033332859,"message":"","name":"/Users/boqiangliang/project/7134-easy-mcp-server/test/simple-parameter-parser.test.js","startTime":1762033331821,"status":"passed","summary":""}],"wasInterrupted":false}
